0 info it worked if it ends with ok
1 verbose cli [
1 verbose cli   '/usr/bin/node',
1 verbose cli   '/usr/bin/npm',
1 verbose cli   'install',
1 verbose cli   '-g',
1 verbose cli   '@angular/cli@latest'
1 verbose cli ]
2 info using npm@6.14.9
3 info using node@v14.15.3
4 verbose npm-session 3a15ef093c7c747c
5 silly install loadCurrentTree
6 silly install readGlobalPackageData
7 http fetch GET 200 https://registry.npmjs.org/@angular%2fcli 109ms
8 http fetch GET 200 https://registry.npmjs.org/@angular/cli/-/cli-11.0.5.tgz 63ms
9 silly pacote tag manifest for @angular/cli@latest fetched in 201ms
10 timing stage:loadCurrentTree Completed in 224ms
11 silly install loadIdealTree
12 silly install cloneCurrentTreeToIdealTree
13 timing stage:loadIdealTree:cloneCurrentTree Completed in 0ms
14 silly install loadShrinkwrap
15 timing stage:loadIdealTree:loadShrinkwrap Completed in 1ms
16 silly install loadAllDepsIntoIdealTree
17 silly resolveWithNewModule @angular/cli@11.0.5 checking installable status
18 http fetch GET 200 https://registry.npmjs.org/ini 132ms
19 http fetch GET 200 https://registry.npmjs.org/inquirer 131ms
20 http fetch GET 200 https://registry.npmjs.org/ansi-colors 141ms
21 http fetch GET 200 https://registry.npmjs.org/debug 141ms
22 http fetch GET 200 https://registry.npmjs.org/@angular-devkit%2fschematics 152ms
23 http fetch GET 200 https://registry.npmjs.org/@yarnpkg%2flockfile 148ms
24 http fetch GET 200 https://registry.npmjs.org/@schematics%2fangular 153ms
25 http fetch GET 200 https://registry.npmjs.org/@angular-devkit%2farchitect 162ms
26 http fetch GET 200 https://registry.npmjs.org/@angular-devkit%2fcore 190ms
27 http fetch GET 200 https://registry.npmjs.org/@schematics%2fupdate 186ms
28 http fetch GET 200 https://registry.npmjs.org/debug/-/debug-4.2.0.tgz 198ms
29 http fetch GET 200 https://registry.npmjs.org/ini/-/ini-1.3.6.tgz 207ms
30 http fetch GET 200 https://registry.npmjs.org/inquirer/-/inquirer-7.3.3.tgz 207ms
31 http fetch GET 200 https://registry.npmjs.org/ansi-colors/-/ansi-colors-4.1.1.tgz 208ms
32 http fetch GET 200 https://registry.npmjs.org/@angular-devkit/architect/-/architect-0.1100.5.tgz 205ms
33 http fetch GET 200 https://registry.npmjs.org/@yarnpkg/lockfile/-/lockfile-1.1.0.tgz 209ms
34 http fetch GET 200 https://registry.npmjs.org/@schematics/angular/-/angular-11.0.5.tgz 209ms
35 http fetch GET 200 https://registry.npmjs.org/@angular-devkit/schematics/-/schematics-11.0.5.tgz 211ms
36 http fetch GET 200 https://registry.npmjs.org/@angular-devkit/core/-/core-11.0.5.tgz 193ms
37 http fetch GET 200 https://registry.npmjs.org/@schematics/update/-/update-0.1100.5.tgz 193ms
38 silly pacote version manifest for debug@4.2.0 fetched in 389ms
39 warn deprecated debug@4.2.0: Debug versions >=3.2.0 <3.2.7 || >=4 <4.3.1 have a low-severity ReDos regression when used in a Node.js environment. It is recommended you upgrade to 3.2.7 or 4.3.1. (https://github.com/visionmedia/debug/issues/797)
40 silly resolveWithNewModule debug@4.2.0 checking installable status
41 silly pacote version manifest for @angular-devkit/architect@0.1100.5 fetched in 403ms
42 silly resolveWithNewModule @angular-devkit/architect@0.1100.5 checking installable status
43 silly pacote version manifest for ini@1.3.6 fetched in 393ms
44 silly resolveWithNewModule ini@1.3.6 checking installable status
45 silly pacote version manifest for inquirer@7.3.3 fetched in 395ms
46 silly resolveWithNewModule inquirer@7.3.3 checking installable status
47 silly pacote version manifest for ansi-colors@4.1.1 fetched in 405ms
48 silly resolveWithNewModule ansi-colors@4.1.1 checking installable status
49 silly pacote version manifest for @angular-devkit/schematics@11.0.5 fetched in 416ms
50 silly resolveWithNewModule @angular-devkit/schematics@11.0.5 checking installable status
51 silly pacote version manifest for @yarnpkg/lockfile@1.1.0 fetched in 409ms
52 silly resolveWithNewModule @yarnpkg/lockfile@1.1.0 checking installable status
53 silly pacote version manifest for @schematics/angular@11.0.5 fetched in 417ms
54 silly resolveWithNewModule @schematics/angular@11.0.5 checking installable status
55 silly pacote version manifest for @angular-devkit/core@11.0.5 fetched in 422ms
56 silly resolveWithNewModule @angular-devkit/core@11.0.5 checking installable status
57 silly pacote version manifest for @schematics/update@0.1100.5 fetched in 415ms
58 silly resolveWithNewModule @schematics/update@0.1100.5 checking installable status
59 http fetch GET 200 https://registry.npmjs.org/npm-pick-manifest 50ms
60 http fetch GET 200 https://registry.npmjs.org/npm-package-arg 56ms
61 http fetch GET 200 https://registry.npmjs.org/open 57ms
62 http fetch GET 200 https://registry.npmjs.org/semver 47ms
63 http fetch GET 200 https://registry.npmjs.org/uuid 40ms
64 http fetch GET 200 https://registry.npmjs.org/pacote 61ms
65 http fetch GET 200 https://registry.npmjs.org/rimraf 54ms
66 http fetch GET 200 https://registry.npmjs.org/universal-analytics 50ms
67 http fetch GET 200 https://registry.npmjs.org/symbol-observable 63ms
68 http fetch GET 200 https://registry.npmjs.org/resolve 103ms
69 http fetch GET 200 https://registry.npmjs.org/npm-pick-manifest/-/npm-pick-manifest-6.1.0.tgz 65ms
70 http fetch GET 200 https://registry.npmjs.org/npm-package-arg/-/npm-package-arg-8.1.0.tgz 62ms
71 http fetch GET 200 https://registry.npmjs.org/semver/-/semver-7.3.2.tgz 60ms
72 http fetch GET 200 https://registry.npmjs.org/open/-/open-7.3.0.tgz 65ms
73 http fetch GET 200 https://registry.npmjs.org/pacote/-/pacote-9.5.12.tgz 49ms
74 http fetch GET 200 https://registry.npmjs.org/universal-analytics/-/universal-analytics-0.4.23.tgz 46ms
75 http fetch GET 200 https://registry.npmjs.org/uuid/-/uuid-8.3.1.tgz 58ms
76 http fetch GET 200 https://registry.npmjs.org/rimraf/-/rimraf-3.0.2.tgz 51ms
77 http fetch GET 200 https://registry.npmjs.org/symbol-observable/-/symbol-observable-2.0.3.tgz 45ms
78 silly pacote version manifest for npm-pick-manifest@6.1.0 fetched in 138ms
79 silly resolveWithNewModule npm-pick-manifest@6.1.0 checking installable status
80 silly pacote version manifest for npm-package-arg@8.1.0 fetched in 142ms
81 silly resolveWithNewModule npm-package-arg@8.1.0 checking installable status
82 silly pacote version manifest for open@7.3.0 fetched in 153ms
83 silly resolveWithNewModule open@7.3.0 checking installable status
84 silly pacote version manifest for semver@7.3.2 fetched in 140ms
85 silly resolveWithNewModule semver@7.3.2 checking installable status
86 silly pacote version manifest for pacote@9.5.12 fetched in 150ms
87 silly resolveWithNewModule pacote@9.5.12 checking installable status
88 silly pacote version manifest for universal-analytics@0.4.23 fetched in 133ms
89 silly resolveWithNewModule universal-analytics@0.4.23 checking installable status
90 silly pacote version manifest for uuid@8.3.1 fetched in 133ms
91 silly resolveWithNewModule uuid@8.3.1 checking installable status
92 silly pacote version manifest for rimraf@3.0.2 fetched in 143ms
93 silly resolveWithNewModule rimraf@3.0.2 checking installable status
94 silly pacote version manifest for symbol-observable@2.0.3 fetched in 136ms
95 silly resolveWithNewModule symbol-observable@2.0.3 checking installable status
96 http fetch GET 200 https://registry.npmjs.org/resolve/-/resolve-1.18.1.tgz 39ms
97 silly pacote version manifest for resolve@1.18.1 fetched in 151ms
98 silly resolveWithNewModule resolve@1.18.1 checking installable status
99 http fetch GET 200 https://registry.npmjs.org/rxjs 19ms
100 http fetch GET 200 https://registry.npmjs.org/rxjs/-/rxjs-6.6.3.tgz 152ms
101 silly pacote version manifest for rxjs@6.6.3 fetched in 180ms
102 silly resolveWithNewModule rxjs@6.6.3 checking installable status
103 http fetch GET 200 https://registry.npmjs.org/magic-string 17ms
104 http fetch GET 200 https://registry.npmjs.org/source-map 27ms
105 http fetch GET 200 https://registry.npmjs.org/ajv 29ms
106 http fetch GET 200 https://registry.npmjs.org/fast-json-stable-stringify 34ms
107 http fetch GET 200 https://registry.npmjs.org/fast-json-stable-stringify/-/fast-json-stable-stringify-2.1.0.tgz 16ms
108 silly pacote version manifest for fast-json-stable-stringify@2.1.0 fetched in 75ms
109 silly resolveWithNewModule fast-json-stable-stringify@2.1.0 checking installable status
110 http fetch GET 200 https://registry.npmjs.org/source-map/-/source-map-0.7.3.tgz 44ms
111 http fetch GET 200 https://registry.npmjs.org/ajv/-/ajv-6.12.6.tgz 43ms
112 http fetch GET 200 https://registry.npmjs.org/magic-string/-/magic-string-0.25.7.tgz 54ms
113 silly pacote version manifest for source-map@0.7.3 fetched in 80ms
114 silly resolveWithNewModule source-map@0.7.3 checking installable status
115 silly pacote version manifest for magic-string@0.25.7 fetched in 81ms
116 silly resolveWithNewModule magic-string@0.25.7 checking installable status
117 silly pacote version manifest for ajv@6.12.6 fetched in 82ms
118 silly resolveWithNewModule ajv@6.12.6 checking installable status
119 http fetch GET 200 https://registry.npmjs.org/uri-js 26ms
120 http fetch GET 200 https://registry.npmjs.org/json-schema-traverse 27ms
121 http fetch GET 200 https://registry.npmjs.org/fast-deep-equal 51ms
122 http fetch GET 200 https://registry.npmjs.org/uri-js/-/uri-js-4.4.0.tgz 25ms
123 silly pacote range manifest for uri-js@^4.2.2 fetched in 55ms
124 silly resolveWithNewModule uri-js@4.4.0 checking installable status
125 http fetch GET 200 https://registry.npmjs.org/json-schema-traverse/-/json-schema-traverse-0.4.1.tgz 31ms
126 silly pacote range manifest for json-schema-traverse@^0.4.1 fetched in 62ms
127 silly resolveWithNewModule json-schema-traverse@0.4.1 checking installable status
128 http fetch GET 200 https://registry.npmjs.org/fast-deep-equal/-/fast-deep-equal-3.1.3.tgz 49ms
129 silly pacote range manifest for fast-deep-equal@^3.1.1 fetched in 104ms
130 silly resolveWithNewModule fast-deep-equal@3.1.3 checking installable status
131 http fetch GET 200 https://registry.npmjs.org/punycode 33ms
132 http fetch GET 200 https://registry.npmjs.org/punycode/-/punycode-2.1.1.tgz 30ms
133 silly pacote range manifest for punycode@^2.1.0 fetched in 67ms
134 silly resolveWithNewModule punycode@2.1.1 checking installable status
135 http fetch GET 200 https://registry.npmjs.org/sourcemap-codec 15ms
136 http fetch GET 200 https://registry.npmjs.org/sourcemap-codec/-/sourcemap-codec-1.4.8.tgz 16ms
137 silly pacote range manifest for sourcemap-codec@^1.4.4 fetched in 34ms
138 silly resolveWithNewModule sourcemap-codec@1.4.8 checking installable status
139 http fetch GET 200 https://registry.npmjs.org/tslib 23ms
140 http fetch GET 200 https://registry.npmjs.org/tslib/-/tslib-1.14.1.tgz 25ms
141 silly pacote range manifest for tslib@^1.9.0 fetched in 51ms
142 silly resolveWithNewModule tslib@1.14.1 checking installable status
143 http fetch GET 200 https://registry.npmjs.org/ora 31ms
144 http fetch GET 200 https://registry.npmjs.org/ora/-/ora-5.1.0.tgz 26ms
145 silly pacote version manifest for ora@5.1.0 fetched in 61ms
146 silly resolveWithNewModule ora@5.1.0 checking installable status
147 http fetch GET 200 https://registry.npmjs.org/wcwidth 35ms
148 http fetch GET 200 https://registry.npmjs.org/strip-ansi 36ms
149 http fetch GET 200 https://registry.npmjs.org/log-symbols 36ms
150 http fetch GET 200 https://registry.npmjs.org/is-interactive 42ms
151 http fetch GET 200 https://registry.npmjs.org/mute-stream 41ms
152 http fetch GET 200 https://registry.npmjs.org/cli-spinners 42ms
153 http fetch GET 200 https://registry.npmjs.org/cli-cursor 46ms
154 http fetch GET 200 https://registry.npmjs.org/chalk 50ms
155 http fetch GET 200 https://registry.npmjs.org/log-symbols/-/log-symbols-4.0.0.tgz 18ms
156 silly pacote range manifest for log-symbols@^4.0.0 fetched in 58ms
157 silly resolveWithNewModule log-symbols@4.0.0 checking installable status
158 http fetch GET 200 https://registry.npmjs.org/mute-stream/-/mute-stream-0.0.8.tgz 29ms
159 http fetch GET 200 https://registry.npmjs.org/cli-cursor/-/cli-cursor-3.1.0.tgz 28ms
160 http fetch GET 200 https://registry.npmjs.org/is-interactive/-/is-interactive-1.0.0.tgz 32ms
161 http fetch GET 200 https://registry.npmjs.org/cli-spinners/-/cli-spinners-2.5.0.tgz 33ms
162 http fetch GET 200 https://registry.npmjs.org/wcwidth/-/wcwidth-1.0.1.tgz 42ms
163 http fetch GET 200 https://registry.npmjs.org/chalk/-/chalk-4.1.0.tgz 29ms
164 http fetch GET 200 https://registry.npmjs.org/strip-ansi/-/strip-ansi-6.0.0.tgz 42ms
165 silly pacote version manifest for mute-stream@0.0.8 fetched in 84ms
166 silly resolveWithNewModule mute-stream@0.0.8 checking installable status
167 silly pacote range manifest for cli-cursor@^3.1.0 fetched in 86ms
168 silly resolveWithNewModule cli-cursor@3.1.0 checking installable status
169 silly pacote range manifest for is-interactive@^1.0.0 fetched in 88ms
170 silly resolveWithNewModule is-interactive@1.0.0 checking installable status
171 silly pacote range manifest for wcwidth@^1.0.1 fetched in 87ms
172 silly resolveWithNewModule wcwidth@1.0.1 checking installable status
173 silly pacote range manifest for strip-ansi@^6.0.0 fetched in 88ms
174 silly resolveWithNewModule strip-ansi@6.0.0 checking installable status
175 silly pacote range manifest for cli-spinners@^2.4.0 fetched in 89ms
176 silly resolveWithNewModule cli-spinners@2.5.0 checking installable status
177 silly pacote range manifest for chalk@^4.1.0 fetched in 91ms
178 silly resolveWithNewModule chalk@4.1.0 checking installable status
179 http fetch GET 200 https://registry.npmjs.org/ansi-styles 18ms
180 http fetch GET 200 https://registry.npmjs.org/supports-color 21ms
181 http fetch GET 200 https://registry.npmjs.org/ansi-styles/-/ansi-styles-4.3.0.tgz 25ms
182 http fetch GET 200 https://registry.npmjs.org/supports-color/-/supports-color-7.2.0.tgz 23ms
183 silly pacote range manifest for ansi-styles@^4.1.0 fetched in 47ms
184 silly resolveWithNewModule ansi-styles@4.3.0 checking installable status
185 silly pacote range manifest for supports-color@^7.1.0 fetched in 47ms
186 silly resolveWithNewModule supports-color@7.2.0 checking installable status
187 http fetch GET 200 https://registry.npmjs.org/color-convert 15ms
188 http fetch GET 200 https://registry.npmjs.org/color-convert/-/color-convert-2.0.1.tgz 20ms
189 silly pacote range manifest for color-convert@^2.0.1 fetched in 38ms
190 silly resolveWithNewModule color-convert@2.0.1 checking installable status
191 http fetch GET 200 https://registry.npmjs.org/color-name 35ms
192 http fetch GET 200 https://registry.npmjs.org/color-name/-/color-name-1.1.4.tgz 20ms
193 silly pacote range manifest for color-name@~1.1.4 fetched in 60ms
194 silly resolveWithNewModule color-name@1.1.4 checking installable status
195 http fetch GET 200 https://registry.npmjs.org/has-flag 31ms
196 http fetch GET 200 https://registry.npmjs.org/has-flag/-/has-flag-4.0.0.tgz 24ms
197 silly pacote range manifest for has-flag@^4.0.0 fetched in 58ms
198 silly resolveWithNewModule has-flag@4.0.0 checking installable status
199 http fetch GET 200 https://registry.npmjs.org/restore-cursor 40ms
200 http fetch GET 200 https://registry.npmjs.org/restore-cursor/-/restore-cursor-3.1.0.tgz 33ms
201 silly pacote range manifest for restore-cursor@^3.1.0 fetched in 75ms
202 silly resolveWithNewModule restore-cursor@3.1.0 checking installable status
203 http fetch GET 200 https://registry.npmjs.org/onetime 18ms
204 http fetch GET 200 https://registry.npmjs.org/signal-exit 17ms
205 http fetch GET 200 https://registry.npmjs.org/onetime/-/onetime-5.1.2.tgz 15ms
206 silly pacote range manifest for onetime@^5.1.0 fetched in 36ms
207 silly resolveWithNewModule onetime@5.1.2 checking installable status
208 http fetch GET 200 https://registry.npmjs.org/signal-exit/-/signal-exit-3.0.3.tgz 28ms
209 silly pacote range manifest for signal-exit@^3.0.2 fetched in 49ms
210 silly resolveWithNewModule signal-exit@3.0.3 checking installable status
211 http fetch GET 200 https://registry.npmjs.org/mimic-fn 18ms
212 http fetch GET 200 https://registry.npmjs.org/mimic-fn/-/mimic-fn-2.1.0.tgz 19ms
213 silly pacote range manifest for mimic-fn@^2.1.0 fetched in 42ms
214 silly resolveWithNewModule mimic-fn@2.1.0 checking installable status
215 http fetch GET 200 https://registry.npmjs.org/ansi-regex 21ms
216 http fetch GET 200 https://registry.npmjs.org/ansi-regex/-/ansi-regex-5.0.0.tgz 16ms
217 silly pacote range manifest for ansi-regex@^5.0.0 fetched in 39ms
218 silly resolveWithNewModule ansi-regex@5.0.0 checking installable status
219 http fetch GET 200 https://registry.npmjs.org/defaults 24ms
220 http fetch GET 200 https://registry.npmjs.org/defaults/-/defaults-1.0.3.tgz 23ms
221 silly pacote range manifest for defaults@^1.0.3 fetched in 56ms
222 silly resolveWithNewModule defaults@1.0.3 checking installable status
223 http fetch GET 200 https://registry.npmjs.org/clone 18ms
224 http fetch GET 200 https://registry.npmjs.org/clone/-/clone-1.0.4.tgz 16ms
225 silly pacote range manifest for clone@^1.0.2 fetched in 38ms
226 silly resolveWithNewModule clone@1.0.4 checking installable status
227 http fetch GET 200 https://registry.npmjs.org/jsonc-parser 14ms
228 http fetch GET 200 https://registry.npmjs.org/jsonc-parser/-/jsonc-parser-2.3.1.tgz 25ms
229 silly pacote version manifest for jsonc-parser@2.3.1 fetched in 44ms
230 silly resolveWithNewModule jsonc-parser@2.3.1 checking installable status
231 http fetch GET 200 https://registry.npmjs.org/semver-intersect 25ms
232 http fetch GET 200 https://registry.npmjs.org/semver-intersect/-/semver-intersect-1.4.0.tgz 22ms
233 silly pacote version manifest for semver-intersect@1.4.0 fetched in 49ms
234 silly resolveWithNewModule semver-intersect@1.4.0 checking installable status
235 http fetch GET 200 https://registry.npmjs.org/validate-npm-package-name 14ms
236 http fetch GET 200 https://registry.npmjs.org/hosted-git-info 23ms
237 http fetch GET 200 https://registry.npmjs.org/validate-npm-package-name/-/validate-npm-package-name-3.0.0.tgz 22ms
238 silly pacote range manifest for validate-npm-package-name@^3.0.0 fetched in 39ms
239 silly resolveWithNewModule validate-npm-package-name@3.0.0 checking installable status
240 http fetch GET 200 https://registry.npmjs.org/hosted-git-info/-/hosted-git-info-3.0.7.tgz 21ms
241 silly pacote range manifest for hosted-git-info@^3.0.6 fetched in 47ms
242 silly resolveWithNewModule hosted-git-info@3.0.7 checking installable status
243 http fetch GET 200 https://registry.npmjs.org/lru-cache 17ms
244 http fetch GET 200 https://registry.npmjs.org/lru-cache/-/lru-cache-6.0.0.tgz 17ms
245 silly pacote range manifest for lru-cache@^6.0.0 fetched in 37ms
246 silly resolveWithNewModule lru-cache@6.0.0 checking installable status
247 http fetch GET 200 https://registry.npmjs.org/yallist 17ms
248 http fetch GET 200 https://registry.npmjs.org/yallist/-/yallist-4.0.0.tgz 19ms
249 silly pacote range manifest for yallist@^4.0.0 fetched in 40ms
250 silly resolveWithNewModule yallist@4.0.0 checking installable status
251 http fetch GET 200 https://registry.npmjs.org/builtins 24ms
252 http fetch GET 200 https://registry.npmjs.org/builtins/-/builtins-1.0.3.tgz 25ms
253 silly pacote range manifest for builtins@^1.0.3 fetched in 52ms
254 silly resolveWithNewModule builtins@1.0.3 checking installable status
255 http fetch GET 200 https://registry.npmjs.org/infer-owner 29ms
256 http fetch GET 200 https://registry.npmjs.org/glob 30ms
257 http fetch GET 200 https://registry.npmjs.org/cacache 34ms
258 http fetch GET 200 https://registry.npmjs.org/lru-cache/-/lru-cache-5.1.1.tgz 38ms
259 http fetch GET 200 https://registry.npmjs.org/make-fetch-happen 50ms
260 http fetch GET 200 https://registry.npmjs.org/minimatch 53ms
261 http fetch GET 200 https://registry.npmjs.org/get-stream 62ms
262 http fetch GET 200 https://registry.npmjs.org/bluebird 75ms
263 http fetch GET 200 https://registry.npmjs.org/chownr 79ms
264 http fetch GET 200 https://registry.npmjs.org/figgy-pudding 83ms
265 silly pacote range manifest for lru-cache@^5.1.1 fetched in 91ms
266 silly resolveWithNewModule lru-cache@5.1.1 checking installable status
267 http fetch GET 200 https://registry.npmjs.org/glob/-/glob-7.1.6.tgz 66ms
268 http fetch GET 200 https://registry.npmjs.org/cacache/-/cacache-12.0.4.tgz 64ms
269 http fetch GET 200 https://registry.npmjs.org/infer-owner/-/infer-owner-1.0.4.tgz 82ms
270 http fetch GET 200 https://registry.npmjs.org/minimatch/-/minimatch-3.0.4.tgz 59ms
271 http fetch GET 200 https://registry.npmjs.org/get-stream/-/get-stream-4.1.0.tgz 53ms
272 silly pacote range manifest for glob@^7.1.3 fetched in 128ms
273 silly resolveWithNewModule glob@7.1.6 checking installable status
274 silly pacote range manifest for cacache@^12.0.2 fetched in 130ms
275 silly resolveWithNewModule cacache@12.0.4 checking installable status
276 http fetch GET 200 https://registry.npmjs.org/make-fetch-happen/-/make-fetch-happen-5.0.2.tgz 68ms
277 http fetch GET 200 https://registry.npmjs.org/figgy-pudding/-/figgy-pudding-3.5.2.tgz 44ms
278 http fetch GET 200 https://registry.npmjs.org/bluebird/-/bluebird-3.7.2.tgz 47ms
279 http fetch GET 200 https://registry.npmjs.org/chownr/-/chownr-1.1.4.tgz 48ms
280 silly pacote range manifest for infer-owner@^1.0.4 fetched in 135ms
281 silly resolveWithNewModule infer-owner@1.0.4 checking installable status
282 http fetch GET 200 https://registry.npmjs.org/minipass 45ms
283 silly pacote range manifest for minimatch@^3.0.4 fetched in 140ms
284 silly resolveWithNewModule minimatch@3.0.4 checking installable status
285 silly pacote range manifest for get-stream@^4.1.0 fetched in 143ms
286 silly resolveWithNewModule get-stream@4.1.0 checking installable status
287 silly pacote range manifest for make-fetch-happen@^5.0.0 fetched in 151ms
288 silly resolveWithNewModule make-fetch-happen@5.0.2 checking installable status
289 silly pacote range manifest for bluebird@^3.5.3 fetched in 154ms
290 silly resolveWithNewModule bluebird@3.7.2 checking installable status
291 silly pacote range manifest for figgy-pudding@^3.5.1 fetched in 157ms
292 silly resolveWithNewModule figgy-pudding@3.5.2 checking installable status
293 silly pacote range manifest for chownr@^1.1.2 fetched in 159ms
294 silly resolveWithNewModule chownr@1.1.4 checking installable status
295 http fetch GET 200 https://registry.npmjs.org/mississippi 34ms
296 http fetch GET 200 https://registry.npmjs.org/mkdirp 35ms
297 http fetch GET 200 https://registry.npmjs.org/normalize-package-data 30ms
298 http fetch GET 200 https://registry.npmjs.org/npm-normalize-package-bin 39ms
299 http fetch GET 200 https://registry.npmjs.org/npm-package-arg/-/npm-package-arg-6.1.1.tgz 44ms
300 http fetch GET 200 https://registry.npmjs.org/npm-pick-manifest/-/npm-pick-manifest-3.0.2.tgz 33ms
301 http fetch GET 200 https://registry.npmjs.org/npm-packlist 36ms
302 http fetch GET 200 https://registry.npmjs.org/npm-registry-fetch 40ms
303 http fetch GET 200 https://registry.npmjs.org/osenv 41ms
304 http fetch GET 200 https://registry.npmjs.org/minipass/-/minipass-2.9.0.tgz 66ms
305 http fetch GET 200 https://registry.npmjs.org/mississippi/-/mississippi-3.0.0.tgz 47ms
306 http fetch GET 200 https://registry.npmjs.org/mkdirp/-/mkdirp-0.5.5.tgz 46ms
307 silly pacote range manifest for npm-package-arg@^6.1.0 fetched in 71ms
308 silly resolveWithNewModule npm-package-arg@6.1.1 checking installable status
309 silly pacote range manifest for npm-pick-manifest@^3.0.0 fetched in 62ms
310 silly resolveWithNewModule npm-pick-manifest@3.0.2 checking installable status
311 http fetch GET 200 https://registry.npmjs.org/normalize-package-data/-/normalize-package-data-2.5.0.tgz 49ms
312 silly pacote range manifest for minipass@^2.3.5 fetched in 131ms
313 silly resolveWithNewModule minipass@2.9.0 checking installable status
314 http fetch GET 200 https://registry.npmjs.org/npm-normalize-package-bin/-/npm-normalize-package-bin-1.0.1.tgz 42ms
315 silly pacote range manifest for mississippi@^3.0.0 fetched in 97ms
316 silly resolveWithNewModule mississippi@3.0.0 checking installable status
317 silly pacote range manifest for mkdirp@^0.5.1 fetched in 106ms
318 silly resolveWithNewModule mkdirp@0.5.5 checking installable status
319 http fetch GET 200 https://registry.npmjs.org/npm-registry-fetch/-/npm-registry-fetch-4.0.7.tgz 38ms
320 silly pacote range manifest for normalize-package-data@^2.4.0 fetched in 105ms
321 silly resolveWithNewModule normalize-package-data@2.5.0 checking installable status
322 http fetch GET 200 https://registry.npmjs.org/npm-packlist/-/npm-packlist-1.4.8.tgz 48ms
323 http fetch GET 200 https://registry.npmjs.org/osenv/-/osenv-0.1.5.tgz 48ms
324 silly pacote range manifest for npm-normalize-package-bin@^1.0.0 fetched in 109ms
325 silly resolveWithNewModule npm-normalize-package-bin@1.0.1 checking installable status
326 http fetch GET 200 https://registry.npmjs.org/promise-retry 38ms
327 http fetch GET 200 https://registry.npmjs.org/promise-inflight 39ms
328 silly pacote range manifest for npm-registry-fetch@^4.0.0 fetched in 102ms
329 silly resolveWithNewModule npm-registry-fetch@4.0.7 checking installable status
330 http fetch GET 200 https://registry.npmjs.org/protoduck 42ms
331 silly pacote range manifest for npm-packlist@^1.1.12 fetched in 116ms
332 silly resolveWithNewModule npm-packlist@1.4.8 checking installable status
333 http fetch GET 200 https://registry.npmjs.org/rimraf/-/rimraf-2.7.1.tgz 40ms
334 silly pacote range manifest for osenv@^0.1.5 fetched in 112ms
335 silly resolveWithNewModule osenv@0.1.5 checking installable status
336 http fetch GET 200 https://registry.npmjs.org/safe-buffer 38ms
337 http fetch GET 200 https://registry.npmjs.org/semver/-/semver-5.7.1.tgz 31ms
338 http fetch GET 200 https://registry.npmjs.org/ssri 26ms
339 silly pacote range manifest for rimraf@^2.6.2 fetched in 61ms
340 silly resolveWithNewModule rimraf@2.7.1 checking installable status
341 http fetch GET 200 https://registry.npmjs.org/promise-inflight/-/promise-inflight-1.0.1.tgz 36ms
342 silly pacote range manifest for semver@^5.6.0 fetched in 53ms
343 silly resolveWithNewModule semver@5.7.1 checking installable status
344 http fetch GET 200 https://registry.npmjs.org/tar 35ms
345 http fetch GET 200 https://registry.npmjs.org/promise-retry/-/promise-retry-1.1.1.tgz 39ms
346 http fetch GET 200 https://registry.npmjs.org/protoduck/-/protoduck-5.0.1.tgz 30ms
347 http fetch GET 200 https://registry.npmjs.org/unique-filename 32ms
348 http fetch GET 200 https://registry.npmjs.org/which 30ms
349 http fetch GET 200 https://registry.npmjs.org/safe-buffer/-/safe-buffer-5.2.1.tgz 33ms
350 silly pacote range manifest for promise-retry@^1.1.1 fetched in 93ms
351 silly resolveWithNewModule promise-retry@1.1.1 checking installable status
352 silly pacote range manifest for protoduck@^5.0.1 fetched in 87ms
353 silly resolveWithNewModule protoduck@5.0.1 checking installable status
354 silly pacote range manifest for promise-inflight@^1.0.1 fetched in 94ms
355 silly resolveWithNewModule promise-inflight@1.0.1 checking installable status
356 http fetch GET 200 https://registry.npmjs.org/ssri/-/ssri-6.0.1.tgz 28ms
357 silly pacote range manifest for safe-buffer@^5.1.2 fetched in 76ms
358 silly resolveWithNewModule safe-buffer@5.2.1 checking installable status
359 silly pacote range manifest for ssri@^6.0.1 fetched in 62ms
360 silly resolveWithNewModule ssri@6.0.1 checking installable status
361 http fetch GET 200 https://registry.npmjs.org/tar/-/tar-4.4.13.tgz 29ms
362 http fetch GET 200 https://registry.npmjs.org/which/-/which-1.3.1.tgz 24ms
363 http fetch GET 200 https://registry.npmjs.org/unique-filename/-/unique-filename-1.1.1.tgz 29ms
364 silly pacote range manifest for tar@^4.4.10 fetched in 72ms
365 silly resolveWithNewModule tar@4.4.13 checking installable status
366 silly pacote range manifest for which@^1.3.1 fetched in 60ms
367 silly resolveWithNewModule which@1.3.1 checking installable status
368 silly pacote range manifest for unique-filename@^1.1.1 fetched in 65ms
369 silly resolveWithNewModule unique-filename@1.1.1 checking installable status
370 silly pacote range manifest for lru-cache@^5.1.1 fetched in 5ms
371 silly resolveWithNewModule lru-cache@5.1.1 checking installable status
372 silly pacote range manifest for rimraf@^2.6.3 fetched in 6ms
373 silly resolveWithNewModule rimraf@2.7.1 checking installable status
374 http fetch GET 200 https://registry.npmjs.org/y18n 25ms
375 http fetch GET 200 https://registry.npmjs.org/graceful-fs 31ms
376 http fetch GET 200 https://registry.npmjs.org/y18n/-/y18n-4.0.1.tgz 18ms
377 silly pacote range manifest for y18n@^4.0.0 fetched in 47ms
378 silly resolveWithNewModule y18n@4.0.1 checking installable status
379 http fetch GET 200 https://registry.npmjs.org/graceful-fs/-/graceful-fs-4.2.4.tgz 19ms
380 silly pacote range manifest for graceful-fs@^4.1.15 fetched in 55ms
381 silly resolveWithNewModule graceful-fs@4.2.4 checking installable status
382 http fetch GET 200 https://registry.npmjs.org/move-concurrently 58ms
383 http fetch GET 200 https://registry.npmjs.org/move-concurrently/-/move-concurrently-1.0.1.tgz 16ms
384 silly pacote range manifest for move-concurrently@^1.0.1 fetched in 77ms
385 silly resolveWithNewModule move-concurrently@1.0.1 checking installable status
386 http fetch GET 200 https://registry.npmjs.org/path-is-absolute 21ms
387 http fetch GET 200 https://registry.npmjs.org/once 24ms
388 http fetch GET 200 https://registry.npmjs.org/fs.realpath 29ms
389 http fetch GET 200 https://registry.npmjs.org/inflight 32ms
390 http fetch GET 200 https://registry.npmjs.org/inherits 36ms
391 http fetch GET 200 https://registry.npmjs.org/path-is-absolute/-/path-is-absolute-1.0.1.tgz 18ms
392 http fetch GET 200 https://registry.npmjs.org/once/-/once-1.4.0.tgz 27ms
393 silly pacote range manifest for path-is-absolute@^1.0.0 fetched in 54ms
394 silly resolveWithNewModule path-is-absolute@1.0.1 checking installable status
395 http fetch GET 200 https://registry.npmjs.org/fs.realpath/-/fs.realpath-1.0.0.tgz 26ms
396 http fetch GET 200 https://registry.npmjs.org/inflight/-/inflight-1.0.6.tgz 25ms
397 http fetch GET 200 https://registry.npmjs.org/inherits/-/inherits-2.0.4.tgz 22ms
398 silly pacote range manifest for once@^1.3.0 fetched in 59ms
399 silly resolveWithNewModule once@1.4.0 checking installable status
400 silly pacote range manifest for fs.realpath@^1.0.0 fetched in 62ms
401 silly resolveWithNewModule fs.realpath@1.0.0 checking installable status
402 silly pacote range manifest for inflight@^1.0.4 fetched in 63ms
403 silly resolveWithNewModule inflight@1.0.6 checking installable status
404 silly pacote range manifest for inherits@2 fetched in 64ms
405 silly resolveWithNewModule inherits@2.0.4 checking installable status
406 http fetch GET 200 https://registry.npmjs.org/wrappy 14ms
407 http fetch GET 200 https://registry.npmjs.org/wrappy/-/wrappy-1.0.2.tgz 16ms
408 silly pacote range manifest for wrappy@1 fetched in 40ms
409 silly resolveWithNewModule wrappy@1.0.2 checking installable status
410 http fetch GET 200 https://registry.npmjs.org/brace-expansion 23ms
411 http fetch GET 200 https://registry.npmjs.org/brace-expansion/-/brace-expansion-1.1.11.tgz 26ms
412 silly pacote range manifest for brace-expansion@^1.1.7 fetched in 52ms
413 silly resolveWithNewModule brace-expansion@1.1.11 checking installable status
414 http fetch GET 200 https://registry.npmjs.org/concat-map 16ms
415 http fetch GET 200 https://registry.npmjs.org/concat-map/-/concat-map-0.0.1.tgz 17ms
416 silly pacote version manifest for concat-map@0.0.1 fetched in 35ms
417 silly resolveWithNewModule concat-map@0.0.1 checking installable status
418 http fetch GET 200 https://registry.npmjs.org/balanced-match 71ms
419 http fetch GET 200 https://registry.npmjs.org/balanced-match/-/balanced-match-1.0.0.tgz 18ms
420 silly pacote range manifest for balanced-match@^1.0.0 fetched in 91ms
421 silly resolveWithNewModule balanced-match@1.0.0 checking installable status
422 http fetch GET 200 https://registry.npmjs.org/yallist/-/yallist-3.1.1.tgz 22ms
423 silly pacote range manifest for yallist@^3.0.2 fetched in 25ms
424 silly resolveWithNewModule yallist@3.1.1 checking installable status
425 http fetch GET 200 https://registry.npmjs.org/parallel-transform 20ms
426 http fetch GET 200 https://registry.npmjs.org/pump 31ms
427 http fetch GET 200 https://registry.npmjs.org/end-of-stream 37ms
428 http fetch GET 200 https://registry.npmjs.org/flush-write-stream 37ms
429 http fetch GET 200 https://registry.npmjs.org/through2 35ms
430 http fetch GET 200 https://registry.npmjs.org/duplexify 47ms
431 http fetch GET 200 https://registry.npmjs.org/pumpify 49ms
432 http fetch GET 200 https://registry.npmjs.org/stream-each 52ms
433 http fetch GET 200 https://registry.npmjs.org/concat-stream 55ms
434 http fetch GET 200 https://registry.npmjs.org/parallel-transform/-/parallel-transform-1.2.0.tgz 41ms
435 http fetch GET 200 https://registry.npmjs.org/from2 64ms
436 http fetch GET 200 https://registry.npmjs.org/end-of-stream/-/end-of-stream-1.4.4.tgz 32ms
437 http fetch GET 200 https://registry.npmjs.org/flush-write-stream/-/flush-write-stream-1.1.1.tgz 31ms
438 http fetch GET 200 https://registry.npmjs.org/pump/-/pump-3.0.0.tgz 39ms
439 silly pacote range manifest for parallel-transform@^1.1.0 fetched in 76ms
440 silly resolveWithNewModule parallel-transform@1.2.0 checking installable status
441 http fetch GET 200 https://registry.npmjs.org/through2/-/through2-2.0.5.tgz 35ms
442 http fetch GET 200 https://registry.npmjs.org/stream-each/-/stream-each-1.2.3.tgz 28ms
443 silly pacote range manifest for end-of-stream@^1.1.0 fetched in 84ms
444 silly resolveWithNewModule end-of-stream@1.4.4 checking installable status
445 silly pacote range manifest for flush-write-stream@^1.0.0 fetched in 84ms
446 silly resolveWithNewModule flush-write-stream@1.1.1 checking installable status
447 http fetch GET 200 https://registry.npmjs.org/concat-stream/-/concat-stream-1.6.2.tgz 27ms
448 silly pacote range manifest for pump@^3.0.0 fetched in 85ms
449 silly resolveWithNewModule pump@3.0.0 checking installable status
450 silly pacote range manifest for through2@^2.0.0 fetched in 88ms
451 silly resolveWithNewModule through2@2.0.5 checking installable status
452 http fetch GET 200 https://registry.npmjs.org/pumpify/-/pumpify-1.5.1.tgz 39ms
453 http fetch GET 200 https://registry.npmjs.org/from2/-/from2-2.3.0.tgz 27ms
454 silly pacote range manifest for stream-each@^1.1.0 fetched in 91ms
455 silly resolveWithNewModule stream-each@1.2.3 checking installable status
456 silly pacote range manifest for concat-stream@^1.5.0 fetched in 94ms
457 silly resolveWithNewModule concat-stream@1.6.2 checking installable status
458 http fetch GET 200 https://registry.npmjs.org/duplexify/-/duplexify-3.7.1.tgz 45ms
459 silly pacote range manifest for pumpify@^1.3.3 fetched in 94ms
460 silly resolveWithNewModule pumpify@1.5.1 checking installable status
461 silly pacote range manifest for from2@^2.1.0 fetched in 96ms
462 silly resolveWithNewModule from2@2.3.0 checking installable status
463 silly pacote range manifest for duplexify@^3.4.2 fetched in 98ms
464 silly resolveWithNewModule duplexify@3.7.1 checking installable status
465 http fetch GET 200 https://registry.npmjs.org/typedarray 17ms
466 http fetch GET 200 https://registry.npmjs.org/readable-stream 20ms
467 http fetch GET 200 https://registry.npmjs.org/buffer-from 35ms
468 http fetch GET 200 https://registry.npmjs.org/typedarray/-/typedarray-0.0.6.tgz 23ms
469 http fetch GET 200 https://registry.npmjs.org/readable-stream/-/readable-stream-2.3.7.tgz 22ms
470 silly pacote range manifest for typedarray@^0.0.6 fetched in 47ms
471 silly resolveWithNewModule typedarray@0.0.6 checking installable status
472 silly pacote range manifest for readable-stream@^2.2.2 fetched in 48ms
473 silly resolveWithNewModule readable-stream@2.3.7 checking installable status
474 http fetch GET 200 https://registry.npmjs.org/buffer-from/-/buffer-from-1.1.1.tgz 20ms
475 silly pacote range manifest for buffer-from@^1.0.0 fetched in 60ms
476 silly resolveWithNewModule buffer-from@1.1.1 checking installable status
477 http fetch GET 200 https://registry.npmjs.org/safe-buffer/-/safe-buffer-5.1.2.tgz 25ms
478 http fetch GET 200 https://registry.npmjs.org/util-deprecate 29ms
479 http fetch GET 200 https://registry.npmjs.org/isarray 32ms
480 http fetch GET 200 https://registry.npmjs.org/core-util-is 34ms
481 http fetch GET 200 https://registry.npmjs.org/process-nextick-args 34ms
482 http fetch GET 200 https://registry.npmjs.org/string_decoder 34ms
483 silly pacote range manifest for safe-buffer@~5.1.1 fetched in 40ms
484 silly resolveWithNewModule safe-buffer@5.1.2 checking installable status
485 http fetch GET 200 https://registry.npmjs.org/isarray/-/isarray-1.0.0.tgz 18ms
486 silly pacote range manifest for isarray@~1.0.0 fetched in 66ms
487 silly resolveWithNewModule isarray@1.0.0 checking installable status
488 http fetch GET 200 https://registry.npmjs.org/process-nextick-args/-/process-nextick-args-2.0.1.tgz 29ms
489 http fetch GET 200 https://registry.npmjs.org/string_decoder/-/string_decoder-1.1.1.tgz 29ms
490 http fetch GET 200 https://registry.npmjs.org/core-util-is/-/core-util-is-1.0.2.tgz 32ms
491 silly pacote range manifest for process-nextick-args@~2.0.0 fetched in 69ms
492 silly resolveWithNewModule process-nextick-args@2.0.1 checking installable status
493 silly pacote range manifest for string_decoder@~1.1.1 fetched in 70ms
494 silly resolveWithNewModule string_decoder@1.1.1 checking installable status
495 silly pacote range manifest for core-util-is@~1.0.0 fetched in 71ms
496 silly resolveWithNewModule core-util-is@1.0.2 checking installable status
497 http fetch GET 200 https://registry.npmjs.org/util-deprecate/-/util-deprecate-1.0.2.tgz 64ms
498 silly pacote range manifest for util-deprecate@~1.0.1 fetched in 96ms
499 silly resolveWithNewModule util-deprecate@1.0.2 checking installable status
500 silly pacote range manifest for safe-buffer@~5.1.0 fetched in 8ms
501 silly resolveWithNewModule safe-buffer@5.1.2 checking installable status
502 http fetch GET 200 https://registry.npmjs.org/stream-shift 16ms
503 http fetch GET 200 https://registry.npmjs.org/stream-shift/-/stream-shift-1.0.1.tgz 21ms
504 silly pacote range manifest for stream-shift@^1.0.0 fetched in 40ms
505 silly resolveWithNewModule stream-shift@1.0.1 checking installable status
506 http fetch GET 200 https://registry.npmjs.org/cyclist 24ms
507 http fetch GET 200 https://registry.npmjs.org/cyclist/-/cyclist-1.0.1.tgz 15ms
508 silly pacote range manifest for cyclist@^1.0.1 fetched in 42ms
509 silly resolveWithNewModule cyclist@1.0.1 checking installable status
510 http fetch GET 200 https://registry.npmjs.org/pump/-/pump-2.0.1.tgz 23ms
511 silly pacote range manifest for pump@^2.0.0 fetched in 26ms
512 silly resolveWithNewModule pump@2.0.1 checking installable status
513 http fetch GET 200 https://registry.npmjs.org/xtend 25ms
514 http fetch GET 200 https://registry.npmjs.org/xtend/-/xtend-4.0.2.tgz 31ms
515 silly pacote range manifest for xtend@~4.0.1 fetched in 69ms
516 silly resolveWithNewModule xtend@4.0.2 checking installable status
517 http fetch GET 200 https://registry.npmjs.org/minimist 32ms
518 http fetch GET 200 https://registry.npmjs.org/minimist/-/minimist-1.2.5.tgz 22ms
519 silly pacote range manifest for minimist@^1.2.5 fetched in 57ms
520 silly resolveWithNewModule minimist@1.2.5 checking installable status
521 silly pacote range manifest for rimraf@^2.5.4 fetched in 4ms
522 silly resolveWithNewModule rimraf@2.7.1 checking installable status
523 http fetch GET 200 https://registry.npmjs.org/aproba 20ms
524 http fetch GET 200 https://registry.npmjs.org/fs-write-stream-atomic 25ms
525 http fetch GET 200 https://registry.npmjs.org/run-queue 28ms
526 http fetch GET 200 https://registry.npmjs.org/aproba/-/aproba-1.2.0.tgz 15ms
527 silly pacote range manifest for aproba@^1.1.1 fetched in 38ms
528 silly resolveWithNewModule aproba@1.2.0 checking installable status
529 http fetch GET 200 https://registry.npmjs.org/fs-write-stream-atomic/-/fs-write-stream-atomic-1.0.10.tgz 21ms
530 http fetch GET 200 https://registry.npmjs.org/run-queue/-/run-queue-1.0.3.tgz 19ms
531 silly pacote range manifest for fs-write-stream-atomic@^1.0.8 fetched in 52ms
532 silly resolveWithNewModule fs-write-stream-atomic@1.0.10 checking installable status
533 silly pacote range manifest for run-queue@^1.0.3 fetched in 53ms
534 silly resolveWithNewModule run-queue@1.0.3 checking installable status
535 http fetch GET 200 https://registry.npmjs.org/copy-concurrently 54ms
536 http fetch GET 200 https://registry.npmjs.org/copy-concurrently/-/copy-concurrently-1.0.5.tgz 16ms
537 silly pacote range manifest for copy-concurrently@^1.0.0 fetched in 73ms
538 silly resolveWithNewModule copy-concurrently@1.0.5 checking installable status
539 silly pacote range manifest for rimraf@^2.5.4 fetched in 2ms
540 silly resolveWithNewModule rimraf@2.7.1 checking installable status
541 http fetch GET 200 https://registry.npmjs.org/iferr 16ms
542 http fetch GET 200 https://registry.npmjs.org/iferr/-/iferr-0.1.5.tgz 16ms
543 silly pacote range manifest for iferr@^0.1.5 fetched in 35ms
544 silly resolveWithNewModule iferr@0.1.5 checking installable status
545 http fetch GET 200 https://registry.npmjs.org/imurmurhash 26ms
546 http fetch GET 200 https://registry.npmjs.org/imurmurhash/-/imurmurhash-0.1.4.tgz 18ms
547 silly pacote range manifest for imurmurhash@^0.1.4 fetched in 47ms
548 silly resolveWithNewModule imurmurhash@0.1.4 checking installable status
549 http fetch GET 200 https://registry.npmjs.org/unique-slug 25ms
550 http fetch GET 200 https://registry.npmjs.org/unique-slug/-/unique-slug-2.0.2.tgz 14ms
551 silly pacote range manifest for unique-slug@^2.0.0 fetched in 42ms
552 silly resolveWithNewModule unique-slug@2.0.2 checking installable status
553 silly pacote range manifest for yallist@^3.0.2 fetched in 1ms
554 silly resolveWithNewModule yallist@3.1.1 checking installable status
555 silly pacote range manifest for lru-cache@^5.1.1 fetched in 7ms
556 silly resolveWithNewModule lru-cache@5.1.1 checking installable status
557 http fetch GET 200 https://registry.npmjs.org/agentkeepalive 35ms
558 http fetch GET 200 https://registry.npmjs.org/https-proxy-agent 36ms
559 http fetch GET 200 https://registry.npmjs.org/socks-proxy-agent 36ms
560 http fetch GET 200 https://registry.npmjs.org/http-cache-semantics 42ms
561 http fetch GET 200 https://registry.npmjs.org/http-proxy-agent 45ms
562 http fetch GET 200 https://registry.npmjs.org/node-fetch-npm 44ms
563 http fetch GET 200 https://registry.npmjs.org/http-cache-semantics/-/http-cache-semantics-3.8.1.tgz 27ms
564 http fetch GET 200 https://registry.npmjs.org/http-proxy-agent/-/http-proxy-agent-2.1.0.tgz 26ms
565 http fetch GET 200 https://registry.npmjs.org/node-fetch-npm/-/node-fetch-npm-2.0.4.tgz 28ms
566 http fetch GET 200 https://registry.npmjs.org/socks-proxy-agent/-/socks-proxy-agent-4.0.2.tgz 34ms
567 http fetch GET 200 https://registry.npmjs.org/https-proxy-agent/-/https-proxy-agent-2.2.4.tgz 36ms
568 http fetch GET 200 https://registry.npmjs.org/agentkeepalive/-/agentkeepalive-3.5.2.tgz 39ms
569 silly pacote range manifest for http-cache-semantics@^3.8.1 fetched in 80ms
570 silly resolveWithNewModule http-cache-semantics@3.8.1 checking installable status
571 silly pacote range manifest for http-proxy-agent@^2.1.0 fetched in 82ms
572 silly resolveWithNewModule http-proxy-agent@2.1.0 checking installable status
573 silly pacote range manifest for node-fetch-npm@^2.0.2 fetched in 83ms
574 silly resolveWithNewModule node-fetch-npm@2.0.4 checking installable status
575 silly pacote range manifest for socks-proxy-agent@^4.0.0 fetched in 84ms
576 silly resolveWithNewModule socks-proxy-agent@4.0.2 checking installable status
577 silly pacote range manifest for https-proxy-agent@^2.2.3 fetched in 84ms
578 silly resolveWithNewModule https-proxy-agent@2.2.4 checking installable status
579 silly pacote range manifest for agentkeepalive@^3.4.1 fetched in 86ms
580 silly resolveWithNewModule agentkeepalive@3.5.2 checking installable status
581 http fetch GET 200 https://registry.npmjs.org/humanize-ms 14ms
582 http fetch GET 200 https://registry.npmjs.org/humanize-ms/-/humanize-ms-1.2.1.tgz 17ms
583 silly pacote range manifest for humanize-ms@^1.2.1 fetched in 35ms
584 silly resolveWithNewModule humanize-ms@1.2.1 checking installable status
585 http fetch GET 200 https://registry.npmjs.org/ms 27ms
586 http fetch GET 200 https://registry.npmjs.org/ms/-/ms-2.1.3.tgz 22ms
587 silly pacote range manifest for ms@^2.0.0 fetched in 52ms
588 silly resolveWithNewModule ms@2.1.3 checking installable status
589 http fetch GET 200 https://registry.npmjs.org/agent-base 20ms
590 http fetch GET 200 https://registry.npmjs.org/debug/-/debug-3.1.0.tgz 20ms
591 silly pacote version manifest for debug@3.1.0 fetched in 24ms
592 silly resolveWithNewModule debug@3.1.0 checking installable status
593 http fetch GET 200 https://registry.npmjs.org/agent-base/-/agent-base-4.3.0.tgz 24ms
594 silly pacote range manifest for agent-base@4 fetched in 48ms
595 silly resolveWithNewModule agent-base@4.3.0 checking installable status
596 http fetch GET 200 https://registry.npmjs.org/es6-promisify 15ms
597 http fetch GET 200 https://registry.npmjs.org/es6-promisify/-/es6-promisify-5.0.0.tgz 15ms
598 silly pacote range manifest for es6-promisify@^5.0.0 fetched in 33ms
599 silly resolveWithNewModule es6-promisify@5.0.0 checking installable status
600 http fetch GET 200 https://registry.npmjs.org/es6-promise 51ms
601 http fetch GET 200 https://registry.npmjs.org/es6-promise/-/es6-promise-4.2.8.tgz 31ms
602 silly pacote range manifest for es6-promise@^4.0.3 fetched in 85ms
603 silly resolveWithNewModule es6-promise@4.2.8 checking installable status
604 http fetch GET 200 https://registry.npmjs.org/ms/-/ms-2.0.0.tgz 21ms
605 silly pacote version manifest for ms@2.0.0 fetched in 23ms
606 silly resolveWithNewModule ms@2.0.0 checking installable status
607 http fetch GET 200 https://registry.npmjs.org/debug/-/debug-3.2.7.tgz 17ms
608 silly pacote range manifest for debug@^3.1.0 fetched in 21ms
609 silly resolveWithNewModule debug@3.2.7 checking installable status
610 silly pacote range manifest for yallist@^3.0.2 fetched in 1ms
611 silly resolveWithNewModule yallist@3.1.1 checking installable status
612 http fetch GET 200 https://registry.npmjs.org/json-parse-better-errors 15ms
613 http fetch GET 200 https://registry.npmjs.org/encoding 17ms
614 http fetch GET 200 https://registry.npmjs.org/json-parse-better-errors/-/json-parse-better-errors-1.0.2.tgz 17ms
615 http fetch GET 200 https://registry.npmjs.org/encoding/-/encoding-0.1.13.tgz 18ms
616 silly pacote range manifest for json-parse-better-errors@^1.0.0 fetched in 38ms
617 silly resolveWithNewModule json-parse-better-errors@1.0.2 checking installable status
618 silly pacote range manifest for encoding@^0.1.11 fetched in 38ms
619 silly resolveWithNewModule encoding@0.1.13 checking installable status
620 http fetch GET 200 https://registry.npmjs.org/iconv-lite 24ms
621 http fetch GET 200 https://registry.npmjs.org/iconv-lite/-/iconv-lite-0.6.2.tgz 40ms
622 silly pacote range manifest for iconv-lite@^0.6.2 fetched in 69ms
623 silly resolveWithNewModule iconv-lite@0.6.2 checking installable status
624 http fetch GET 200 https://registry.npmjs.org/safer-buffer 28ms
625 http fetch GET 200 https://registry.npmjs.org/safer-buffer/-/safer-buffer-2.1.2.tgz 16ms
626 silly pacote range manifest for safer-buffer@>= 2.1.2 < 3.0.0 fetched in 47ms
627 silly resolveWithNewModule safer-buffer@2.1.2 checking installable status
628 http fetch GET 200 https://registry.npmjs.org/retry 14ms
629 http fetch GET 200 https://registry.npmjs.org/err-code 24ms
630 http fetch GET 200 https://registry.npmjs.org/retry/-/retry-0.10.1.tgz 19ms
631 silly pacote range manifest for retry@^0.10.0 fetched in 36ms
632 silly resolveWithNewModule retry@0.10.1 checking installable status
633 http fetch GET 200 https://registry.npmjs.org/err-code/-/err-code-1.1.2.tgz 15ms
634 silly pacote range manifest for err-code@^1.0.0 fetched in 43ms
635 silly resolveWithNewModule err-code@1.1.2 checking installable status
636 http fetch GET 200 https://registry.npmjs.org/socks 19ms
637 http fetch GET 200 https://registry.npmjs.org/agent-base/-/agent-base-4.2.1.tgz 21ms
638 silly pacote range manifest for agent-base@~4.2.1 fetched in 24ms
639 silly resolveWithNewModule agent-base@4.2.1 checking installable status
640 http fetch GET 200 https://registry.npmjs.org/socks/-/socks-2.3.3.tgz 27ms
641 silly pacote range manifest for socks@~2.3.2 fetched in 50ms
642 silly resolveWithNewModule socks@2.3.3 checking installable status
643 http fetch GET 200 https://registry.npmjs.org/smart-buffer 19ms
644 http fetch GET 200 https://registry.npmjs.org/ip 22ms
645 http fetch GET 200 https://registry.npmjs.org/smart-buffer/-/smart-buffer-4.1.0.tgz 26ms
646 http fetch GET 200 https://registry.npmjs.org/ip/-/ip-1.1.5.tgz 24ms
647 silly pacote range manifest for smart-buffer@^4.1.0 fetched in 49ms
648 silly resolveWithNewModule smart-buffer@4.1.0 checking installable status
649 silly pacote version manifest for ip@1.1.5 fetched in 50ms
650 silly resolveWithNewModule ip@1.1.5 checking installable status
651 silly pacote range manifest for yallist@^3.0.0 fetched in 1ms
652 silly resolveWithNewModule yallist@3.1.1 checking installable status
653 silly pacote range manifest for semver@2 || 3 || 4 || 5 fetched in 5ms
654 silly resolveWithNewModule semver@5.7.1 checking installable status
655 http fetch GET 200 https://registry.npmjs.org/validate-npm-package-license 22ms
656 http fetch GET 200 https://registry.npmjs.org/hosted-git-info/-/hosted-git-info-2.8.8.tgz 23ms
657 silly pacote range manifest for hosted-git-info@^2.1.4 fetched in 27ms
658 silly resolveWithNewModule hosted-git-info@2.8.8 checking installable status
659 http fetch GET 200 https://registry.npmjs.org/validate-npm-package-license/-/validate-npm-package-license-3.0.4.tgz 20ms
660 silly pacote range manifest for validate-npm-package-license@^3.0.1 fetched in 45ms
661 silly resolveWithNewModule validate-npm-package-license@3.0.4 checking installable status
662 http fetch GET 200 https://registry.npmjs.org/path-parse 15ms
663 http fetch GET 200 https://registry.npmjs.org/is-core-module 20ms
664 http fetch GET 200 https://registry.npmjs.org/is-core-module/-/is-core-module-2.2.0.tgz 21ms
665 http fetch GET 200 https://registry.npmjs.org/path-parse/-/path-parse-1.0.6.tgz 25ms
666 silly pacote range manifest for is-core-module@^2.0.0 fetched in 44ms
667 silly resolveWithNewModule is-core-module@2.2.0 checking installable status
668 silly pacote range manifest for path-parse@^1.0.6 fetched in 44ms
669 silly resolveWithNewModule path-parse@1.0.6 checking installable status
670 http fetch GET 200 https://registry.npmjs.org/has 23ms
671 http fetch GET 200 https://registry.npmjs.org/has/-/has-1.0.3.tgz 26ms
672 silly pacote range manifest for has@^1.0.3 fetched in 51ms
673 silly resolveWithNewModule has@1.0.3 checking installable status
674 http fetch GET 200 https://registry.npmjs.org/function-bind 36ms
675 http fetch GET 200 https://registry.npmjs.org/function-bind/-/function-bind-1.1.1.tgz 18ms
676 silly pacote range manifest for function-bind@^1.1.1 fetched in 56ms
677 silly resolveWithNewModule function-bind@1.1.1 checking installable status
678 http fetch GET 200 https://registry.npmjs.org/spdx-correct 19ms
679 http fetch GET 200 https://registry.npmjs.org/spdx-expression-parse 19ms
680 http fetch GET 200 https://registry.npmjs.org/spdx-correct/-/spdx-correct-3.1.1.tgz 17ms
681 silly pacote range manifest for spdx-correct@^3.0.0 fetched in 39ms
682 silly resolveWithNewModule spdx-correct@3.1.1 checking installable status
683 http fetch GET 200 https://registry.npmjs.org/spdx-expression-parse/-/spdx-expression-parse-3.0.1.tgz 24ms
684 silly pacote range manifest for spdx-expression-parse@^3.0.0 fetched in 46ms
685 silly resolveWithNewModule spdx-expression-parse@3.0.1 checking installable status
686 http fetch GET 200 https://registry.npmjs.org/spdx-license-ids 15ms
687 http fetch GET 200 https://registry.npmjs.org/spdx-license-ids/-/spdx-license-ids-3.0.7.tgz 28ms
688 silly pacote range manifest for spdx-license-ids@^3.0.0 fetched in 45ms
689 silly resolveWithNewModule spdx-license-ids@3.0.7 checking installable status
690 http fetch GET 200 https://registry.npmjs.org/spdx-exceptions 15ms
691 http fetch GET 200 https://registry.npmjs.org/spdx-exceptions/-/spdx-exceptions-2.3.0.tgz 15ms
692 silly pacote range manifest for spdx-exceptions@^2.1.0 fetched in 33ms
693 silly resolveWithNewModule spdx-exceptions@2.3.0 checking installable status
694 silly pacote range manifest for hosted-git-info@^2.7.1 fetched in 1ms
695 silly resolveWithNewModule hosted-git-info@2.8.8 checking installable status
696 http fetch GET 200 https://registry.npmjs.org/os-homedir 21ms
697 http fetch GET 200 https://registry.npmjs.org/os-tmpdir 23ms
698 http fetch GET 200 https://registry.npmjs.org/os-homedir/-/os-homedir-1.0.2.tgz 18ms
699 http fetch GET 200 https://registry.npmjs.org/os-tmpdir/-/os-tmpdir-1.0.2.tgz 18ms
700 silly pacote range manifest for os-homedir@^1.0.0 fetched in 43ms
701 silly resolveWithNewModule os-homedir@1.0.2 checking installable status
702 silly pacote range manifest for os-tmpdir@^1.0.0 fetched in 44ms
703 silly resolveWithNewModule os-tmpdir@1.0.2 checking installable status
704 http fetch GET 200 https://registry.npmjs.org/ignore-walk 22ms
705 http fetch GET 200 https://registry.npmjs.org/npm-bundled 25ms
706 http fetch GET 200 https://registry.npmjs.org/ignore-walk/-/ignore-walk-3.0.3.tgz 27ms
707 http fetch GET 200 https://registry.npmjs.org/npm-bundled/-/npm-bundled-1.1.1.tgz 27ms
708 silly pacote range manifest for ignore-walk@^3.0.1 fetched in 56ms
709 silly resolveWithNewModule ignore-walk@3.0.3 checking installable status
710 silly pacote range manifest for npm-bundled@^1.0.1 fetched in 56ms
711 silly resolveWithNewModule npm-bundled@1.1.1 checking installable status
712 silly pacote range manifest for lru-cache@^5.1.1 fetched in 2ms
713 silly resolveWithNewModule lru-cache@5.1.1 checking installable status
714 silly pacote range manifest for npm-package-arg@^6.1.0 fetched in 3ms
715 silly resolveWithNewModule npm-package-arg@6.1.1 checking installable status
716 http fetch GET 200 https://registry.npmjs.org/JSONStream 23ms
717 http fetch GET 200 https://registry.npmjs.org/JSONStream/-/JSONStream-1.3.5.tgz 22ms
718 silly pacote range manifest for JSONStream@^1.3.4 fetched in 49ms
719 silly resolveWithNewModule JSONStream@1.3.5 checking installable status
720 http fetch GET 200 https://registry.npmjs.org/jsonparse 15ms
721 http fetch GET 200 https://registry.npmjs.org/through 27ms
722 http fetch GET 200 https://registry.npmjs.org/jsonparse/-/jsonparse-1.3.1.tgz 18ms
723 silly pacote range manifest for jsonparse@^1.2.0 fetched in 36ms
724 silly resolveWithNewModule jsonparse@1.3.1 checking installable status
725 http fetch GET 200 https://registry.npmjs.org/through/-/through-2.3.8.tgz 21ms
726 silly pacote range manifest for through@>=2.2.7 <3 fetched in 50ms
727 silly resolveWithNewModule through@2.3.8 checking installable status
728 silly pacote range manifest for yallist@^3.0.2 fetched in 1ms
729 silly resolveWithNewModule yallist@3.1.1 checking installable status
730 silly pacote range manifest for hosted-git-info@^2.7.1 fetched in 2ms
731 silly resolveWithNewModule hosted-git-info@2.8.8 checking installable status
732 silly pacote range manifest for semver@^5.6.0 fetched in 2ms
733 silly resolveWithNewModule semver@5.7.1 checking installable status
734 http fetch GET 200 https://registry.npmjs.org/genfun 19ms
735 http fetch GET 200 https://registry.npmjs.org/genfun/-/genfun-5.0.0.tgz 21ms
736 silly pacote range manifest for genfun@^5.0.0 fetched in 43ms
737 silly resolveWithNewModule genfun@5.0.0 checking installable status
738 silly pacote range manifest for yallist@^3.0.3 fetched in 2ms
739 silly resolveWithNewModule yallist@3.1.1 checking installable status
740 http fetch GET 200 https://registry.npmjs.org/fs-minipass 18ms
741 http fetch GET 200 https://registry.npmjs.org/minizlib 17ms
742 http fetch GET 200 https://registry.npmjs.org/fs-minipass/-/fs-minipass-1.2.7.tgz 13ms
743 silly pacote range manifest for fs-minipass@^1.2.5 fetched in 35ms
744 silly resolveWithNewModule fs-minipass@1.2.7 checking installable status
745 http fetch GET 200 https://registry.npmjs.org/minizlib/-/minizlib-1.3.3.tgz 19ms
746 silly pacote range manifest for minizlib@^1.2.1 fetched in 41ms
747 silly resolveWithNewModule minizlib@1.3.3 checking installable status
748 http fetch GET 200 https://registry.npmjs.org/isexe 14ms
749 http fetch GET 200 https://registry.npmjs.org/isexe/-/isexe-2.0.0.tgz 15ms
750 silly pacote range manifest for isexe@^2.0.0 fetched in 31ms
751 silly resolveWithNewModule isexe@2.0.0 checking installable status
752 silly pacote range manifest for semver@^5.0.0 fetched in 2ms
753 silly resolveWithNewModule semver@5.7.1 checking installable status
754 http fetch GET 200 https://registry.npmjs.org/ms/-/ms-2.1.2.tgz 15ms
755 silly pacote version manifest for ms@2.1.2 fetched in 18ms
756 silly resolveWithNewModule ms@2.1.2 checking installable status
757 http fetch GET 200 https://registry.npmjs.org/lodash 26ms
758 http fetch GET 200 https://registry.npmjs.org/figures 27ms
759 http fetch GET 200 https://registry.npmjs.org/cli-width 32ms
760 http fetch GET 200 https://registry.npmjs.org/string-width 32ms
761 http fetch GET 200 https://registry.npmjs.org/ansi-escapes 35ms
762 http fetch GET 200 https://registry.npmjs.org/run-async 39ms
763 http fetch GET 200 https://registry.npmjs.org/cli-width/-/cli-width-3.0.0.tgz 74ms
764 http fetch GET 200 https://registry.npmjs.org/figures/-/figures-3.2.0.tgz 79ms
765 http fetch GET 200 https://registry.npmjs.org/lodash/-/lodash-4.17.20.tgz 83ms
766 http fetch GET 200 https://registry.npmjs.org/string-width/-/string-width-4.2.0.tgz 75ms
767 http fetch GET 200 https://registry.npmjs.org/ansi-escapes/-/ansi-escapes-4.3.1.tgz 76ms
768 http fetch GET 200 https://registry.npmjs.org/external-editor 113ms
769 http fetch GET 200 https://registry.npmjs.org/run-async/-/run-async-2.4.1.tgz 73ms
770 silly pacote range manifest for figures@^3.0.0 fetched in 117ms
771 silly resolveWithNewModule figures@3.2.0 checking installable status
772 silly pacote range manifest for cli-width@^3.0.0 fetched in 118ms
773 silly resolveWithNewModule cli-width@3.0.0 checking installable status
774 silly pacote range manifest for lodash@^4.17.19 fetched in 119ms
775 silly resolveWithNewModule lodash@4.17.20 checking installable status
776 silly pacote range manifest for string-width@^4.1.0 fetched in 120ms
777 silly resolveWithNewModule string-width@4.2.0 checking installable status
778 silly pacote range manifest for ansi-escapes@^4.2.1 fetched in 122ms
779 silly resolveWithNewModule ansi-escapes@4.3.1 checking installable status
780 silly pacote range manifest for run-async@^2.4.0 fetched in 121ms
781 silly resolveWithNewModule run-async@2.4.1 checking installable status
782 http fetch GET 200 https://registry.npmjs.org/external-editor/-/external-editor-3.1.0.tgz 17ms
783 silly pacote range manifest for external-editor@^3.0.3 fetched in 134ms
784 silly resolveWithNewModule external-editor@3.1.0 checking installable status
785 http fetch GET 200 https://registry.npmjs.org/type-fest 17ms
786 http fetch GET 200 https://registry.npmjs.org/type-fest/-/type-fest-0.11.0.tgz 15ms
787 silly pacote range manifest for type-fest@^0.11.0 fetched in 36ms
788 silly resolveWithNewModule type-fest@0.11.0 checking installable status
789 http fetch GET 200 https://registry.npmjs.org/chardet 16ms
790 http fetch GET 200 https://registry.npmjs.org/tmp 26ms
791 http fetch GET 200 https://registry.npmjs.org/iconv-lite/-/iconv-lite-0.4.24.tgz 25ms
792 silly pacote range manifest for iconv-lite@^0.4.24 fetched in 29ms
793 silly resolveWithNewModule iconv-lite@0.4.24 checking installable status
794 http fetch GET 200 https://registry.npmjs.org/chardet/-/chardet-0.7.0.tgz 20ms
795 silly pacote range manifest for chardet@^0.7.0 fetched in 45ms
796 silly resolveWithNewModule chardet@0.7.0 checking installable status
797 http fetch GET 200 https://registry.npmjs.org/tmp/-/tmp-0.0.33.tgz 19ms
798 silly pacote range manifest for tmp@^0.0.33 fetched in 48ms
799 silly resolveWithNewModule tmp@0.0.33 checking installable status
800 http fetch GET 200 https://registry.npmjs.org/escape-string-regexp 23ms
801 http fetch GET 200 https://registry.npmjs.org/escape-string-regexp/-/escape-string-regexp-1.0.5.tgz 19ms
802 silly pacote range manifest for escape-string-regexp@^1.0.5 fetched in 44ms
803 silly resolveWithNewModule escape-string-regexp@1.0.5 checking installable status
804 http fetch GET 200 https://registry.npmjs.org/emoji-regex 18ms
805 http fetch GET 200 https://registry.npmjs.org/is-fullwidth-code-point 18ms
806 http fetch GET 200 https://registry.npmjs.org/emoji-regex/-/emoji-regex-8.0.0.tgz 17ms
807 silly pacote range manifest for emoji-regex@^8.0.0 fetched in 38ms
808 silly resolveWithNewModule emoji-regex@8.0.0 checking installable status
809 http fetch GET 200 https://registry.npmjs.org/is-fullwidth-code-point/-/is-fullwidth-code-point-3.0.0.tgz 23ms
810 silly pacote range manifest for is-fullwidth-code-point@^3.0.0 fetched in 44ms
811 silly resolveWithNewModule is-fullwidth-code-point@3.0.0 checking installable status
812 http fetch GET 200 https://registry.npmjs.org/npm-install-checks 20ms
813 http fetch GET 200 https://registry.npmjs.org/npm-install-checks/-/npm-install-checks-4.0.0.tgz 31ms
814 silly pacote range manifest for npm-install-checks@^4.0.0 fetched in 55ms
815 silly resolveWithNewModule npm-install-checks@4.0.0 checking installable status
816 http fetch GET 200 https://registry.npmjs.org/is-docker 21ms
817 http fetch GET 200 https://registry.npmjs.org/is-wsl 21ms
818 http fetch GET 200 https://registry.npmjs.org/is-wsl/-/is-wsl-2.2.0.tgz 16ms
819 silly pacote range manifest for is-wsl@^2.1.1 fetched in 48ms
820 silly resolveWithNewModule is-wsl@2.2.0 checking installable status
821 http fetch GET 200 https://registry.npmjs.org/is-docker/-/is-docker-2.1.1.tgz 27ms
822 silly pacote range manifest for is-docker@^2.0.0 fetched in 51ms
823 silly resolveWithNewModule is-docker@2.1.1 checking installable status
824 http fetch GET 200 https://registry.npmjs.org/uuid/-/uuid-3.4.0.tgz 18ms
825 http fetch GET 200 https://registry.npmjs.org/request 21ms
826 silly pacote range manifest for uuid@^3.0.0 fetched in 25ms
827 silly resolveWithNewModule uuid@3.4.0 checking installable status
828 http fetch GET 200 https://registry.npmjs.org/request/-/request-2.88.2.tgz 22ms
829 silly pacote range manifest for request@^2.88.2 fetched in 46ms
830 warn deprecated request@2.88.2: request has been deprecated, see https://github.com/request/request/issues/3142
831 silly resolveWithNewModule request@2.88.2 checking installable status
832 http fetch GET 200 https://registry.npmjs.org/extend 33ms
833 http fetch GET 200 https://registry.npmjs.org/aws-sign2 35ms
834 http fetch GET 200 https://registry.npmjs.org/har-validator 36ms
835 http fetch GET 200 https://registry.npmjs.org/form-data 37ms
836 http fetch GET 200 https://registry.npmjs.org/caseless 40ms
837 http fetch GET 200 https://registry.npmjs.org/combined-stream 42ms
838 http fetch GET 200 https://registry.npmjs.org/http-signature 41ms
839 http fetch GET 200 https://registry.npmjs.org/is-typedarray 43ms
840 http fetch GET 200 https://registry.npmjs.org/aws4 45ms
841 http fetch GET 200 https://registry.npmjs.org/forever-agent 45ms
842 http fetch GET 200 https://registry.npmjs.org/extend/-/extend-3.0.2.tgz 51ms
843 http fetch GET 200 https://registry.npmjs.org/har-validator/-/har-validator-5.1.5.tgz 46ms
844 http fetch GET 200 https://registry.npmjs.org/aws-sign2/-/aws-sign2-0.7.0.tgz 53ms
845 http fetch GET 200 https://registry.npmjs.org/combined-stream/-/combined-stream-1.0.8.tgz 42ms
846 http fetch GET 200 https://registry.npmjs.org/caseless/-/caseless-0.12.0.tgz 46ms
847 http fetch GET 200 https://registry.npmjs.org/aws4/-/aws4-1.11.0.tgz 41ms
848 http fetch GET 200 https://registry.npmjs.org/http-signature/-/http-signature-1.2.0.tgz 44ms
849 http fetch GET 200 https://registry.npmjs.org/form-data/-/form-data-2.3.3.tgz 51ms
850 http fetch GET 200 https://registry.npmjs.org/forever-agent/-/forever-agent-0.6.1.tgz 43ms
851 http fetch GET 200 https://registry.npmjs.org/is-typedarray/-/is-typedarray-1.0.0.tgz 44ms
852 silly pacote range manifest for extend@~3.0.2 fetched in 96ms
853 silly resolveWithNewModule extend@3.0.2 checking installable status
854 silly pacote range manifest for har-validator@~5.1.3 fetched in 98ms
855 warn deprecated har-validator@5.1.5: this library is no longer supported
856 silly resolveWithNewModule har-validator@5.1.5 checking installable status
857 silly pacote range manifest for aws-sign2@~0.7.0 fetched in 102ms
858 silly resolveWithNewModule aws-sign2@0.7.0 checking installable status
859 silly pacote range manifest for caseless@~0.12.0 fetched in 102ms
860 silly resolveWithNewModule caseless@0.12.0 checking installable status
861 silly pacote range manifest for combined-stream@~1.0.6 fetched in 104ms
862 silly resolveWithNewModule combined-stream@1.0.8 checking installable status
863 silly pacote range manifest for aws4@^1.8.0 fetched in 105ms
864 silly resolveWithNewModule aws4@1.11.0 checking installable status
865 silly pacote range manifest for http-signature@~1.2.0 fetched in 103ms
866 silly resolveWithNewModule http-signature@1.2.0 checking installable status
867 silly pacote range manifest for form-data@~2.3.2 fetched in 108ms
868 silly resolveWithNewModule form-data@2.3.3 checking installable status
869 silly pacote range manifest for forever-agent@~0.6.1 fetched in 109ms
870 silly resolveWithNewModule forever-agent@0.6.1 checking installable status
871 silly pacote range manifest for is-typedarray@~1.0.0 fetched in 109ms
872 silly resolveWithNewModule is-typedarray@1.0.0 checking installable status
873 silly pacote range manifest for uuid@^3.3.2 fetched in 9ms
874 silly resolveWithNewModule uuid@3.4.0 checking installable status
875 http fetch GET 200 https://registry.npmjs.org/isstream 37ms
876 http fetch GET 200 https://registry.npmjs.org/mime-types 35ms
877 http fetch GET 200 https://registry.npmjs.org/qs 34ms
878 http fetch GET 200 https://registry.npmjs.org/tough-cookie 34ms
879 http fetch GET 200 https://registry.npmjs.org/json-stringify-safe 42ms
880 http fetch GET 200 https://registry.npmjs.org/oauth-sign 49ms
881 http fetch GET 200 https://registry.npmjs.org/tunnel-agent 47ms
882 http fetch GET 200 https://registry.npmjs.org/performance-now 51ms
883 http fetch GET 200 https://registry.npmjs.org/mime-types/-/mime-types-2.1.27.tgz 25ms
884 http fetch GET 200 https://registry.npmjs.org/isstream/-/isstream-0.1.2.tgz 29ms
885 silly pacote range manifest for mime-types@~2.1.19 fetched in 101ms
886 silly resolveWithNewModule mime-types@2.1.27 checking installable status
887 http fetch GET 200 https://registry.npmjs.org/oauth-sign/-/oauth-sign-0.9.0.tgz 54ms
888 http fetch GET 200 https://registry.npmjs.org/tough-cookie/-/tough-cookie-2.5.0.tgz 58ms
889 http fetch GET 200 https://registry.npmjs.org/qs/-/qs-6.5.2.tgz 62ms
890 silly pacote range manifest for isstream@~0.1.2 fetched in 118ms
891 silly resolveWithNewModule isstream@0.1.2 checking installable status
892 http fetch GET 200 https://registry.npmjs.org/json-stringify-safe/-/json-stringify-safe-5.0.1.tgz 63ms
893 http fetch GET 200 https://registry.npmjs.org/performance-now/-/performance-now-2.1.0.tgz 58ms
894 http fetch GET 200 https://registry.npmjs.org/tunnel-agent/-/tunnel-agent-0.6.0.tgz 60ms
895 silly pacote range manifest for oauth-sign@~0.9.0 fetched in 119ms
896 silly resolveWithNewModule oauth-sign@0.9.0 checking installable status
897 silly pacote range manifest for tough-cookie@~2.5.0 fetched in 117ms
898 silly resolveWithNewModule tough-cookie@2.5.0 checking installable status
899 silly pacote range manifest for qs@~6.5.2 fetched in 117ms
900 silly resolveWithNewModule qs@6.5.2 checking installable status
901 silly pacote range manifest for json-stringify-safe@~5.0.1 fetched in 124ms
902 silly resolveWithNewModule json-stringify-safe@5.0.1 checking installable status
903 silly pacote range manifest for performance-now@^2.1.0 fetched in 118ms
904 silly resolveWithNewModule performance-now@2.1.0 checking installable status
905 silly pacote range manifest for tunnel-agent@^0.6.0 fetched in 115ms
906 silly resolveWithNewModule tunnel-agent@0.6.0 checking installable status
907 http fetch GET 200 https://registry.npmjs.org/delayed-stream 17ms
908 http fetch GET 200 https://registry.npmjs.org/delayed-stream/-/delayed-stream-1.0.0.tgz 17ms
909 silly pacote range manifest for delayed-stream@~1.0.0 fetched in 36ms
910 silly resolveWithNewModule delayed-stream@1.0.0 checking installable status
911 http fetch GET 200 https://registry.npmjs.org/asynckit 15ms
912 http fetch GET 200 https://registry.npmjs.org/asynckit/-/asynckit-0.4.0.tgz 21ms
913 silly pacote range manifest for asynckit@^0.4.0 fetched in 38ms
914 silly resolveWithNewModule asynckit@0.4.0 checking installable status
915 http fetch GET 200 https://registry.npmjs.org/mime-db 13ms
916 http fetch GET 200 https://registry.npmjs.org/mime-db/-/mime-db-1.44.0.tgz 26ms
917 silly pacote version manifest for mime-db@1.44.0 fetched in 42ms
918 silly resolveWithNewModule mime-db@1.44.0 checking installable status
919 http fetch GET 200 https://registry.npmjs.org/har-schema 20ms
920 http fetch GET 200 https://registry.npmjs.org/har-schema/-/har-schema-2.0.0.tgz 15ms
921 silly pacote range manifest for har-schema@^2.0.0 fetched in 38ms
922 silly resolveWithNewModule har-schema@2.0.0 checking installable status
923 http fetch GET 200 https://registry.npmjs.org/assert-plus 19ms
924 http fetch GET 200 https://registry.npmjs.org/sshpk 18ms
925 http fetch GET 200 https://registry.npmjs.org/jsprim 31ms
926 http fetch GET 200 https://registry.npmjs.org/assert-plus/-/assert-plus-1.0.0.tgz 21ms
927 http fetch GET 200 https://registry.npmjs.org/sshpk/-/sshpk-1.16.1.tgz 21ms
928 silly pacote range manifest for assert-plus@^1.0.0 fetched in 44ms
929 silly resolveWithNewModule assert-plus@1.0.0 checking installable status
930 silly pacote range manifest for sshpk@^1.7.0 fetched in 43ms
931 silly resolveWithNewModule sshpk@1.16.1 checking installable status
932 http fetch GET 200 https://registry.npmjs.org/jsprim/-/jsprim-1.4.1.tgz 16ms
933 silly pacote range manifest for jsprim@^1.2.2 fetched in 49ms
934 silly resolveWithNewModule jsprim@1.4.1 checking installable status
935 http fetch GET 200 https://registry.npmjs.org/extsprintf 14ms
936 http fetch GET 200 https://registry.npmjs.org/json-schema 19ms
937 http fetch GET 200 https://registry.npmjs.org/verror 22ms
938 http fetch GET 200 https://registry.npmjs.org/extsprintf/-/extsprintf-1.3.0.tgz 16ms
939 silly pacote version manifest for extsprintf@1.3.0 fetched in 34ms
940 silly resolveWithNewModule extsprintf@1.3.0 checking installable status
941 http fetch GET 200 https://registry.npmjs.org/json-schema/-/json-schema-0.2.3.tgz 22ms
942 http fetch GET 200 https://registry.npmjs.org/verror/-/verror-1.10.0.tgz 20ms
943 silly pacote version manifest for json-schema@0.2.3 fetched in 45ms
944 silly resolveWithNewModule json-schema@0.2.3 checking installable status
945 silly pacote version manifest for verror@1.10.0 fetched in 46ms
946 silly resolveWithNewModule verror@1.10.0 checking installable status
947 http fetch GET 200 https://registry.npmjs.org/tweetnacl 26ms
948 http fetch GET 200 https://registry.npmjs.org/asn1 28ms
949 http fetch GET 200 https://registry.npmjs.org/getpass 34ms
950 http fetch GET 200 https://registry.npmjs.org/ecc-jsbn 34ms
951 http fetch GET 200 https://registry.npmjs.org/dashdash 39ms
952 http fetch GET 200 https://registry.npmjs.org/bcrypt-pbkdf 41ms
953 http fetch GET 200 https://registry.npmjs.org/jsbn 43ms
954 http fetch GET 200 https://registry.npmjs.org/ecc-jsbn/-/ecc-jsbn-0.1.2.tgz 20ms
955 http fetch GET 200 https://registry.npmjs.org/asn1/-/asn1-0.2.4.tgz 26ms
956 http fetch GET 200 https://registry.npmjs.org/dashdash/-/dashdash-1.14.1.tgz 17ms
957 http fetch GET 200 https://registry.npmjs.org/getpass/-/getpass-0.1.7.tgz 30ms
958 silly pacote range manifest for ecc-jsbn@~0.1.1 fetched in 70ms
959 silly resolveWithNewModule ecc-jsbn@0.1.2 checking installable status
960 silly pacote range manifest for asn1@~0.2.3 fetched in 72ms
961 silly resolveWithNewModule asn1@0.2.4 checking installable status
962 silly pacote range manifest for dashdash@^1.12.0 fetched in 73ms
963 silly resolveWithNewModule dashdash@1.14.1 checking installable status
964 silly pacote range manifest for getpass@^0.1.1 fetched in 74ms
965 silly resolveWithNewModule getpass@0.1.7 checking installable status
966 http fetch GET 200 https://registry.npmjs.org/tweetnacl/-/tweetnacl-0.14.5.tgz 44ms
967 http fetch GET 200 https://registry.npmjs.org/bcrypt-pbkdf/-/bcrypt-pbkdf-1.0.2.tgz 32ms
968 http fetch GET 200 https://registry.npmjs.org/jsbn/-/jsbn-0.1.1.tgz 32ms
969 silly pacote range manifest for tweetnacl@~0.14.0 fetched in 77ms
970 silly resolveWithNewModule tweetnacl@0.14.5 checking installable status
971 silly pacote range manifest for bcrypt-pbkdf@^1.0.0 fetched in 77ms
972 silly resolveWithNewModule bcrypt-pbkdf@1.0.2 checking installable status
973 silly pacote range manifest for jsbn@~0.1.0 fetched in 79ms
974 silly resolveWithNewModule jsbn@0.1.1 checking installable status
975 http fetch GET 200 https://registry.npmjs.org/psl 18ms
976 http fetch GET 200 https://registry.npmjs.org/psl/-/psl-1.8.0.tgz 20ms
977 silly pacote range manifest for psl@^1.1.28 fetched in 42ms
978 silly resolveWithNewModule psl@1.8.0 checking installable status
979 timing stage:loadIdealTree:loadAllDepsIntoIdealTree Completed in 6092ms
980 timing stage:loadIdealTree Completed in 6215ms
981 silly currentTree lib
982 silly idealTree lib
982 silly idealTree  @angular/cli@11.0.5
982 silly idealTree    @angular-devkit/architect@0.1100.5
982 silly idealTree    @angular-devkit/core@11.0.5
982 silly idealTree    @angular-devkit/schematics@11.0.5
982 silly idealTree    @schematics/angular@11.0.5
982 silly idealTree    @schematics/update@0.1100.5
982 silly idealTree    @yarnpkg/lockfile@1.1.0
982 silly idealTree    agent-base@4.3.0
982 silly idealTree    agentkeepalive@3.5.2
982 silly idealTree    ajv@6.12.6
982 silly idealTree    ansi-colors@4.1.1
982 silly idealTree    ansi-escapes@4.3.1
982 silly idealTree    ansi-regex@5.0.0
982 silly idealTree    ansi-styles@4.3.0
982 silly idealTree    aproba@1.2.0
982 silly idealTree    asn1@0.2.4
982 silly idealTree    assert-plus@1.0.0
982 silly idealTree    asynckit@0.4.0
982 silly idealTree    aws-sign2@0.7.0
982 silly idealTree    aws4@1.11.0
982 silly idealTree    balanced-match@1.0.0
982 silly idealTree    bcrypt-pbkdf@1.0.2
982 silly idealTree    bluebird@3.7.2
982 silly idealTree    brace-expansion@1.1.11
982 silly idealTree    buffer-from@1.1.1
982 silly idealTree    builtins@1.0.3
982 silly idealTree    cacache@12.0.4
982 silly idealTree     lru-cache@5.1.1
982 silly idealTree     rimraf@2.7.1
982 silly idealTree     yallist@3.1.1
982 silly idealTree    caseless@0.12.0
982 silly idealTree    chalk@4.1.0
982 silly idealTree    chardet@0.7.0
982 silly idealTree    chownr@1.1.4
982 silly idealTree    cli-cursor@3.1.0
982 silly idealTree    cli-spinners@2.5.0
982 silly idealTree    cli-width@3.0.0
982 silly idealTree    clone@1.0.4
982 silly idealTree    color-convert@2.0.1
982 silly idealTree    color-name@1.1.4
982 silly idealTree    combined-stream@1.0.8
982 silly idealTree    concat-map@0.0.1
982 silly idealTree    concat-stream@1.6.2
982 silly idealTree    copy-concurrently@1.0.5
982 silly idealTree     rimraf@2.7.1
982 silly idealTree    core-util-is@1.0.2
982 silly idealTree    cyclist@1.0.1
982 silly idealTree    dashdash@1.14.1
982 silly idealTree    debug@4.2.0
982 silly idealTree     ms@2.1.2
982 silly idealTree    defaults@1.0.3
982 silly idealTree    delayed-stream@1.0.0
982 silly idealTree    duplexify@3.7.1
982 silly idealTree    ecc-jsbn@0.1.2
982 silly idealTree    emoji-regex@8.0.0
982 silly idealTree    encoding@0.1.13
982 silly idealTree    end-of-stream@1.4.4
982 silly idealTree    err-code@1.1.2
982 silly idealTree    es6-promise@4.2.8
982 silly idealTree    es6-promisify@5.0.0
982 silly idealTree    escape-string-regexp@1.0.5
982 silly idealTree    extend@3.0.2
982 silly idealTree    external-editor@3.1.0
982 silly idealTree     iconv-lite@0.4.24
982 silly idealTree    extsprintf@1.3.0
982 silly idealTree    fast-deep-equal@3.1.3
982 silly idealTree    fast-json-stable-stringify@2.1.0
982 silly idealTree    figgy-pudding@3.5.2
982 silly idealTree    figures@3.2.0
982 silly idealTree    flush-write-stream@1.1.1
982 silly idealTree    forever-agent@0.6.1
982 silly idealTree    form-data@2.3.3
982 silly idealTree    from2@2.3.0
982 silly idealTree    fs-minipass@1.2.7
982 silly idealTree    fs-write-stream-atomic@1.0.10
982 silly idealTree    fs.realpath@1.0.0
982 silly idealTree    function-bind@1.1.1
982 silly idealTree    genfun@5.0.0
982 silly idealTree    get-stream@4.1.0
982 silly idealTree    getpass@0.1.7
982 silly idealTree    glob@7.1.6
982 silly idealTree    graceful-fs@4.2.4
982 silly idealTree    har-schema@2.0.0
982 silly idealTree    har-validator@5.1.5
982 silly idealTree    has-flag@4.0.0
982 silly idealTree    has@1.0.3
982 silly idealTree    hosted-git-info@3.0.7
982 silly idealTree    http-cache-semantics@3.8.1
982 silly idealTree    http-proxy-agent@2.1.0
982 silly idealTree     debug@3.1.0
982 silly idealTree     ms@2.0.0
982 silly idealTree    http-signature@1.2.0
982 silly idealTree    https-proxy-agent@2.2.4
982 silly idealTree     debug@3.2.7
982 silly idealTree    humanize-ms@1.2.1
982 silly idealTree    iconv-lite@0.6.2
982 silly idealTree    iferr@0.1.5
982 silly idealTree    ignore-walk@3.0.3
982 silly idealTree    imurmurhash@0.1.4
982 silly idealTree    infer-owner@1.0.4
982 silly idealTree    inflight@1.0.6
982 silly idealTree    inherits@2.0.4
982 silly idealTree    ini@1.3.6
982 silly idealTree    inquirer@7.3.3
982 silly idealTree    ip@1.1.5
982 silly idealTree    is-core-module@2.2.0
982 silly idealTree    is-docker@2.1.1
982 silly idealTree    is-fullwidth-code-point@3.0.0
982 silly idealTree    is-interactive@1.0.0
982 silly idealTree    is-typedarray@1.0.0
982 silly idealTree    is-wsl@2.2.0
982 silly idealTree    isarray@1.0.0
982 silly idealTree    isexe@2.0.0
982 silly idealTree    isstream@0.1.2
982 silly idealTree    jsbn@0.1.1
982 silly idealTree    json-parse-better-errors@1.0.2
982 silly idealTree    json-schema-traverse@0.4.1
982 silly idealTree    json-schema@0.2.3
982 silly idealTree    json-stringify-safe@5.0.1
982 silly idealTree    jsonc-parser@2.3.1
982 silly idealTree    jsonparse@1.3.1
982 silly idealTree    JSONStream@1.3.5
982 silly idealTree    jsprim@1.4.1
982 silly idealTree    lodash@4.17.20
982 silly idealTree    log-symbols@4.0.0
982 silly idealTree    lru-cache@6.0.0
982 silly idealTree    magic-string@0.25.7
982 silly idealTree    make-fetch-happen@5.0.2
982 silly idealTree     lru-cache@5.1.1
982 silly idealTree     yallist@3.1.1
982 silly idealTree    mime-db@1.44.0
982 silly idealTree    mime-types@2.1.27
982 silly idealTree    mimic-fn@2.1.0
982 silly idealTree    minimatch@3.0.4
982 silly idealTree    minimist@1.2.5
982 silly idealTree    minipass@2.9.0
982 silly idealTree     yallist@3.1.1
982 silly idealTree    minizlib@1.3.3
982 silly idealTree    mississippi@3.0.0
982 silly idealTree    mkdirp@0.5.5
982 silly idealTree    move-concurrently@1.0.1
982 silly idealTree     rimraf@2.7.1
982 silly idealTree    ms@2.1.3
982 silly idealTree    mute-stream@0.0.8
982 silly idealTree    node-fetch-npm@2.0.4
982 silly idealTree    normalize-package-data@2.5.0
982 silly idealTree     hosted-git-info@2.8.8
982 silly idealTree     semver@5.7.1
982 silly idealTree    npm-bundled@1.1.1
982 silly idealTree    npm-install-checks@4.0.0
982 silly idealTree    npm-normalize-package-bin@1.0.1
982 silly idealTree    npm-package-arg@8.1.0
982 silly idealTree    npm-packlist@1.4.8
982 silly idealTree    npm-pick-manifest@6.1.0
982 silly idealTree    npm-registry-fetch@4.0.7
982 silly idealTree     hosted-git-info@2.8.8
982 silly idealTree     lru-cache@5.1.1
982 silly idealTree     npm-package-arg@6.1.1
982 silly idealTree     semver@5.7.1
982 silly idealTree     yallist@3.1.1
982 silly idealTree    oauth-sign@0.9.0
982 silly idealTree    once@1.4.0
982 silly idealTree    onetime@5.1.2
982 silly idealTree    open@7.3.0
982 silly idealTree    ora@5.1.0
982 silly idealTree    os-homedir@1.0.2
982 silly idealTree    os-tmpdir@1.0.2
982 silly idealTree    osenv@0.1.5
982 silly idealTree    pacote@9.5.12
982 silly idealTree     hosted-git-info@2.8.8
982 silly idealTree     lru-cache@5.1.1
982 silly idealTree     npm-package-arg@6.1.1
982 silly idealTree     npm-pick-manifest@3.0.2
982 silly idealTree     rimraf@2.7.1
982 silly idealTree     semver@5.7.1
982 silly idealTree     yallist@3.1.1
982 silly idealTree    parallel-transform@1.2.0
982 silly idealTree    path-is-absolute@1.0.1
982 silly idealTree    path-parse@1.0.6
982 silly idealTree    performance-now@2.1.0
982 silly idealTree    process-nextick-args@2.0.1
982 silly idealTree    promise-inflight@1.0.1
982 silly idealTree    promise-retry@1.1.1
982 silly idealTree    protoduck@5.0.1
982 silly idealTree    psl@1.8.0
982 silly idealTree    pump@3.0.0
982 silly idealTree    pumpify@1.5.1
982 silly idealTree     pump@2.0.1
982 silly idealTree    punycode@2.1.1
982 silly idealTree    qs@6.5.2
982 silly idealTree    readable-stream@2.3.7
982 silly idealTree     safe-buffer@5.1.2
982 silly idealTree    request@2.88.2
982 silly idealTree     uuid@3.4.0
982 silly idealTree    resolve@1.18.1
982 silly idealTree    restore-cursor@3.1.0
982 silly idealTree    retry@0.10.1
982 silly idealTree    rimraf@3.0.2
982 silly idealTree    run-async@2.4.1
982 silly idealTree    run-queue@1.0.3
982 silly idealTree    rxjs@6.6.3
982 silly idealTree    safe-buffer@5.2.1
982 silly idealTree    safer-buffer@2.1.2
982 silly idealTree    semver-intersect@1.4.0
982 silly idealTree     semver@5.7.1
982 silly idealTree    semver@7.3.2
982 silly idealTree    signal-exit@3.0.3
982 silly idealTree    smart-buffer@4.1.0
982 silly idealTree    socks-proxy-agent@4.0.2
982 silly idealTree     agent-base@4.2.1
982 silly idealTree    socks@2.3.3
982 silly idealTree    source-map@0.7.3
982 silly idealTree    sourcemap-codec@1.4.8
982 silly idealTree    spdx-correct@3.1.1
982 silly idealTree    spdx-exceptions@2.3.0
982 silly idealTree    spdx-expression-parse@3.0.1
982 silly idealTree    spdx-license-ids@3.0.7
982 silly idealTree    sshpk@1.16.1
982 silly idealTree    ssri@6.0.1
982 silly idealTree    stream-each@1.2.3
982 silly idealTree    stream-shift@1.0.1
982 silly idealTree    string_decoder@1.1.1
982 silly idealTree     safe-buffer@5.1.2
982 silly idealTree    string-width@4.2.0
982 silly idealTree    strip-ansi@6.0.0
982 silly idealTree    supports-color@7.2.0
982 silly idealTree    symbol-observable@2.0.3
982 silly idealTree    tar@4.4.13
982 silly idealTree     yallist@3.1.1
982 silly idealTree    through@2.3.8
982 silly idealTree    through2@2.0.5
982 silly idealTree    tmp@0.0.33
982 silly idealTree    tough-cookie@2.5.0
982 silly idealTree    tslib@1.14.1
982 silly idealTree    tunnel-agent@0.6.0
982 silly idealTree    tweetnacl@0.14.5
982 silly idealTree    type-fest@0.11.0
982 silly idealTree    typedarray@0.0.6
982 silly idealTree    unique-filename@1.1.1
982 silly idealTree    unique-slug@2.0.2
982 silly idealTree    universal-analytics@0.4.23
982 silly idealTree     uuid@3.4.0
982 silly idealTree    uri-js@4.4.0
982 silly idealTree    util-deprecate@1.0.2
982 silly idealTree    uuid@8.3.1
982 silly idealTree    validate-npm-package-license@3.0.4
982 silly idealTree    validate-npm-package-name@3.0.0
982 silly idealTree    verror@1.10.0
982 silly idealTree    wcwidth@1.0.1
982 silly idealTree    which@1.3.1
982 silly idealTree    wrappy@1.0.2
982 silly idealTree    xtend@4.0.2
982 silly idealTree    y18n@4.0.1
982 silly idealTree    yallist@4.0.0
983 silly install generateActionsToTake
984 warn checkPermissions Missing write access to /usr/lib/node_modules
985 timing stage:rollbackFailedOptional Completed in 1ms
986 timing stage:runTopLevelLifecycles Completed in 6479ms
987 verbose stack Error: EACCES: permission denied, access '/usr/lib/node_modules'
988 verbose cwd /home/shabbier/app/mfe1
989 verbose Linux 5.4.0-1031-azure
990 verbose argv "/usr/bin/node" "/usr/bin/npm" "install" "-g" "@angular/cli@latest"
991 verbose node v14.15.3
992 verbose npm  v6.14.9
993 error code EACCES
994 error syscall access
995 error path /usr/lib/node_modules
996 error errno -13
997 error Error: EACCES: permission denied, access '/usr/lib/node_modules'
997 error  [Error: EACCES: permission denied, access '/usr/lib/node_modules'] {
997 error   errno: -13,
997 error   code: 'EACCES',
997 error   syscall: 'access',
997 error   path: '/usr/lib/node_modules'
997 error }
998 error The operation was rejected by your operating system.
998 error It is likely you do not have the permissions to access this file as the current user
998 error
998 error If you believe this might be a permissions issue, please double-check the
998 error permissions of the file and its containing directories, or try running
998 error the command again as root/Administrator.
999 verbose exit [ -13, true ]
