22227 : 2021-01-03 08:11:11,025 : INFO : telemetry.main : Attempt start. Configuration directory [/home/shabbier/.azure].
22227 : 2021-01-03 08:11:11,026 : INFO : telemetry.check : Positive: The /home/shabbier/.azure/telemetry.txt does not exist.
22227 : 2021-01-03 08:11:11,026 : DEBUG : telemetry.note : acquiring lock
22227 : 2021-01-03 08:11:11,026 : DEBUG : telemetry.note : acquired lock
22227 : 2021-01-03 08:11:11,026 : INFO : telemetry.note : Update the note mtime to 2021-01-03 08:11:11.026623
22227 : 2021-01-03 08:11:11,026 : WARNING : telemetry.note : Fail to parse or read the timestamp 'N/A' in the note file. Set the last send time to minimal. Reason: not readable
22227 : 2021-01-03 08:11:11,026 : INFO : telemetry.records : No cache to be uploaded.
22227 : 2021-01-03 08:11:11,027 : INFO : telemetry.client : Accumulated 0 events. Flush the clients.
22227 : 2021-01-03 08:11:11,027 : INFO : telemetry.note : Update the last send in note to 0001-01-01 00:00:00
22227 : 2021-01-03 08:11:11,027 : INFO : telemetry.note : Update the note mtime to 2021-01-03 08:11:11.027375
22645 : 2021-01-03 08:30:38,898 : INFO : telemetry.main : Attempt start. Configuration directory [/home/shabbier/.azure].
22645 : 2021-01-03 08:30:38,898 : INFO : telemetry.check : Returns Positive.
22645 : 2021-01-03 08:30:38,898 : DEBUG : telemetry.note : acquiring lock
22645 : 2021-01-03 08:30:38,899 : DEBUG : telemetry.note : acquired lock
22645 : 2021-01-03 08:30:38,899 : INFO : telemetry.note : Update the note mtime to 2021-01-03 08:30:38.899147
22645 : 2021-01-03 08:30:38,901 : WARNING : telemetry.note : Fail to parse or read the timestamp '1-01-01T00:00:00' in the note file. Set the last send time to minimal. Reason: time data '1-01-01T00:00:00' does not match format '%Y-%m-%dT%H:%M:%S'
22645 : 2021-01-03 08:30:38,901 : INFO : telemetry.records : No cache to be uploaded.
22645 : 2021-01-03 08:30:38,901 : INFO : telemetry.client : Accumulated 0 events. Flush the clients.
22645 : 2021-01-03 08:30:38,902 : INFO : telemetry.note : Update the last send in note to 0001-01-01 00:00:00
22645 : 2021-01-03 08:30:38,902 : INFO : telemetry.note : Update the note mtime to 2021-01-03 08:30:38.902133
